#
# A fatal error has been detected by the Java Runtime Environment:
#
#  SIGSEGV (0xb) at pc=0x00007f5afe507320, pid=19459, tid=140028896024320
#
# JRE version: Java(TM) SE Runtime Environment (7.0_45-b18) (build 1.7.0_45-b18)
# Java VM: Java HotSpot(TM) 64-Bit Server VM (24.45-b08 mixed mode linux-amd64 compressed oops)
# Problematic frame:
# C  0x00007f5afe507320
#
# Failed to write core dump. Core dumps have been disabled. To enable core dumping, try "ulimit -c unlimited" before starting Java again
#
# If you would like to submit a bug report, please visit:
#   http://bugreport.sun.com/bugreport/crash.jsp
#

---------------  T H R E A D  ---------------

Current thread is native thread

siginfo:si_signo=SIGSEGV: si_errno=0, si_code=1 (SEGV_MAPERR), si_addr=0x00007f5afe507320

Registers:
RAX=0x00007f5afe507320, RBX=0x00007f5b049b1a38, RCX=0x0000000000000001, RDX=0x0000000000000001
RSP=0x00007f5b049b0e68, RBP=0x00007f5b199dc308, RSI=0x00007f5b049b1700, RDI=0x00007f5ac0034480
R8 =0x0000000000000000, R9 =0x0000000000004c17, R10=0x0000000000000008, R11=0x0000000000000246
R12=0x000000000000001e, R13=0x0000000000000000, R14=0x00007f5b199dc2e0, R15=0x0000000000000004
RIP=0x00007f5afe507320, EFLAGS=0x0000000000010202, CSGSFS=0x0000000000000033, ERR=0x0000000000000014
  TRAPNO=0x000000000000000e

Top of Stack: (sp=0x00007f5b049b0e68)
0x00007f5b049b0e68:   00007f5b197cbd72 0000000000000000
0x00007f5b049b0e78:   0000000000000000 0000000000000000
0x00007f5b049b0e88:   0000000000000000 00007f5b19c04060
0x00007f5b049b0e98:   00007f5b19be1580 0000000000000000
0x00007f5b049b0ea8:   00007f5b197cbf7c 0000000000000000
0x00007f5b049b0eb8:   00007f5b049b1700 00007f5b049b1700
0x00007f5b049b0ec8:   b9428b8857682dfe 0000000000000000
0x00007f5b049b0ed8:   00007f5b19c04060 00007f5b19be1580
0x00007f5b049b0ee8:   0000000000000000 47f482be4a082dfe
0x00007f5b049b0ef8:   47f4b97129062dfe 0000000000000000
0x00007f5b049b0f08:   0000000000000000 0000000000000000
0x00007f5b049b0f18:   0000000000000000 0000000000000000
0x00007f5b049b0f28:   0000000000000000 0000000000000000
0x00007f5b049b0f38:   0000000000000000 0000000000000000
0x00007f5b049b0f48:   0000000000000000 0000000000000000
0x00007f5b049b0f58:   0000000000000000 0000000000000000
0x00007f5b049b0f68:   0000000000000000 0000000000000000
0x00007f5b049b0f78:   0000000000000000 0000000000000000
0x00007f5b049b0f88:   0000000000000000 0000000000000000
0x00007f5b049b0f98:   0000000000000000 0000000000000000
0x00007f5b049b0fa8:   0000000000000000 00007f5b049b1700
0x00007f5b049b0fb8:   00007f5b190db9cd 0000000000000000
0x00007f5b049b0fc8:   0000000000000000 0000000000000000
0x00007f5b049b0fd8:   0000000000000000 0000000000000000
0x00007f5b049b0fe8:   0000000000000000 0000000000000000
0x00007f5b049b0ff8:   0000000000000000 0000000000000000
0x00007f5b049b1008:   0000000000000000 0000000000000000
0x00007f5b049b1018:   0000000000000000 0000000000000000
0x00007f5b049b1028:   0000000000000000 0000000000000000
0x00007f5b049b1038:   0000000000000000 0000000000000000
0x00007f5b049b1048:   0000000000000000 0000000000000000
0x00007f5b049b1058:   0000000000000000 0000000000000000 

Instructions: (pc=0x00007f5afe507320)
0x00007f5afe507300:   
[error occurred during error reporting (printing registers, top of stack, instructions near pc), id 0xb]

Register to memory mapping:

RAX=0x00007f5afe507320 is an unknown value
RBX=0x00007f5b049b1a38 is an unknown value
RCX=0x0000000000000001 is an unknown value
RDX=0x0000000000000001 is an unknown value
RSP=0x00007f5b049b0e68 is an unknown value
RBP=0x00007f5b199dc308: <offset 0x218308> in /lib/x86_64-linux-gnu/libpthread.so.0 at 0x00007f5b197c4000
RSI=0x00007f5b049b1700 is an unknown value
RDI=0x00007f5ac0034480 is an unknown value
R8 =0x0000000000000000 is an unknown value
R9 =0x0000000000004c17 is an unknown value
R10=0x0000000000000008 is an unknown value
R11=0x0000000000000246 is an unknown value
R12=0x000000000000001e is an unknown value
R13=0x0000000000000000 is an unknown value
R14=0x00007f5b199dc2e0: <offset 0x2182e0> in /lib/x86_64-linux-gnu/libpthread.so.0 at 0x00007f5b197c4000
R15=0x0000000000000004 is an unknown value


Stack: [0x00007f5b048b1000,0x00007f5b049b2000],  sp=0x00007f5b049b0e68,  free space=1023k
Native frames: (J=compiled Java code, j=interpreted, Vv=VM code, C=native code)
C  0x00007f5afe507320


---------------  P R O C E S S  ---------------

VM state:not at safepoint (normal execution)

VM Mutex/Monitor currently owned by a thread: None

Heap
 PSYoungGen      total 17920K, used 6837K [0x00000000ec000000, 0x00000000ee300000, 0x0000000100000000)
  eden space 15360K, 27% used [0x00000000ec000000,0x00000000ec430ff8,0x00000000ecf00000)
  from space 2560K, 99% used [0x00000000ecf00000,0x00000000ed17c538,0x00000000ed180000)
  to   space 2560K, 0% used [0x00000000ee080000,0x00000000ee080000,0x00000000ee300000)
 ParOldGen       total 40960K, used 1246K [0x00000000c4000000, 0x00000000c6800000, 0x00000000ec000000)
  object space 40960K, 3% used [0x00000000c4000000,0x00000000c4137a60,0x00000000c6800000)
 PSPermGen       total 21504K, used 11911K [0x00000000bee00000, 0x00000000c0300000, 0x00000000c4000000)
  object space 21504K, 55% used [0x00000000bee00000,0x00000000bf9a1c68,0x00000000c0300000)

Card table byte_map: [0x00007f5b16bd5000,0x00007f5b16ddf000] byte_map_base: 0x00007f5b165de000

Polling page: 0x00007f5b19c00000

Code Cache  [0x00007f5b0d000000, 0x00007f5b0d270000, 0x00007f5b10000000)
 total_blobs=552 nmethods=88 adapters=417 free_code_cache=48420Kb largest_free_block=49566272

Compilation events (10 events):
Event: 0,736 Thread 0x00007f5b10099800 nmethod 78 0x00007f5b0d0b2590 code [0x00007f5b0d0b2900, 0x00007f5b0d0b4f88]
Event: 0,739 Thread 0x00007f5b1009c000 nmethod 84 0x00007f5b0d0aa390 code [0x00007f5b0d0aa520, 0x00007f5b0d0aa928]
Event: 0,743 Thread 0x00007f5b10099800   85             java.util.HashMap::getEntry (86 bytes)
Event: 0,744 Thread 0x00007f5b1009c000   86             java.util.HashMap::get (29 bytes)
Event: 0,747 Thread 0x00007f5b10099800 nmethod 85 0x00007f5b0d0a7090 code [0x00007f5b0d0a7200, 0x00007f5b0d0a7408]
Event: 0,747 Thread 0x00007f5b10099800   87             java.lang.Float::compare (46 bytes)
Event: 0,748 Thread 0x00007f5b10099800 nmethod 87 0x00007f5b0d0a6e50 code [0x00007f5b0d0a6f80, 0x00007f5b0d0a7018]
Event: 0,748 Thread 0x00007f5b1009c000 nmethod 86 0x00007f5b0d0b0690 code [0x00007f5b0d0b0800, 0x00007f5b0d0b0a18]
Event: 0,796 Thread 0x00007f5b10099800   88             java.lang.String::toCharArray (25 bytes)
Event: 0,798 Thread 0x00007f5b10099800 nmethod 88 0x00007f5b0d0baa90 code [0x00007f5b0d0babe0, 0x00007f5b0d0bad18]

GC Heap History (6 events):
Event: 0,255 GC heap before
{Heap before GC invocations=1 (full 0):
 PSYoungGen      total 17920K, used 15360K [0x00000000ec000000, 0x00000000ed400000, 0x0000000100000000)
  eden space 15360K, 100% used [0x00000000ec000000,0x00000000ecf00000,0x00000000ecf00000)
  from space 2560K, 0% used [0x00000000ed180000,0x00000000ed180000,0x00000000ed400000)
  to   space 2560K, 0% used [0x00000000ecf00000,0x00000000ecf00000,0x00000000ed180000)
 ParOldGen       total 40960K, used 0K [0x00000000c4000000, 0x00000000c6800000, 0x00000000ec000000)
  object space 40960K, 0% used [0x00000000c4000000,0x00000000c4000000,0x00000000c6800000)
 PSPermGen       total 21504K, used 3110K [0x00000000bee00000, 0x00000000c0300000, 0x00000000c4000000)
  object space 21504K, 14% used [0x00000000bee00000,0x00000000bf109ab8,0x00000000c0300000)
Event: 0,257 GC heap after
Heap after GC invocations=1 (full 0):
 PSYoungGen      total 17920K, used 1797K [0x00000000ec000000, 0x00000000ed400000, 0x0000000100000000)
  eden space 15360K, 0% used [0x00000000ec000000,0x00000000ec000000,0x00000000ecf00000)
  from space 2560K, 70% used [0x00000000ecf00000,0x00000000ed0c1680,0x00000000ed180000)
  to   space 2560K, 0% used [0x00000000ed180000,0x00000000ed180000,0x00000000ed400000)
 ParOldGen       total 40960K, used 8K [0x00000000c4000000, 0x00000000c6800000, 0x00000000ec000000)
  object space 40960K, 0% used [0x00000000c4000000,0x00000000c4002000,0x00000000c6800000)
 PSPermGen       total 21504K, used 3110K [0x00000000bee00000, 0x00000000c0300000, 0x00000000c4000000)
  object space 21504K, 14% used [0x00000000bee00000,0x00000000bf109ab8,0x00000000c0300000)
}
Event: 0,403 GC heap before
{Heap before GC invocations=2 (full 0):
 PSYoungGen      total 17920K, used 17157K [0x00000000ec000000, 0x00000000ed400000, 0x0000000100000000)
  eden space 15360K, 100% used [0x00000000ec000000,0x00000000ecf00000,0x00000000ecf00000)
  from space 2560K, 70% used [0x00000000ecf00000,0x00000000ed0c1680,0x00000000ed180000)
  to   space 2560K, 0% used [0x00000000ed180000,0x00000000ed180000,0x00000000ed400000)
 ParOldGen       total 40960K, used 8K [0x00000000c4000000, 0x00000000c6800000, 0x00000000ec000000)
  object space 40960K, 0% used [0x00000000c4000000,0x00000000c4002000,0x00000000c6800000)
 PSPermGen       total 21504K, used 3156K [0x00000000bee00000, 0x00000000c0300000, 0x00000000c4000000)
  object space 21504K, 14% used [0x00000000bee00000,0x00000000bf115248,0x00000000c0300000)
Event: 0,405 GC heap after
Heap after GC invocations=2 (full 0):
 PSYoungGen      total 17920K, used 2429K [0x00000000ec000000, 0x00000000ee300000, 0x0000000100000000)
  eden space 15360K, 0% used [0x00000000ec000000,0x00000000ec000000,0x00000000ecf00000)
  from space 2560K, 94% used [0x00000000ed180000,0x00000000ed3df490,0x00000000ed400000)
  to   space 2560K, 0% used [0x00000000ecf00000,0x00000000ecf00000,0x00000000ed180000)
 ParOldGen       total 40960K, used 16K [0x00000000c4000000, 0x00000000c6800000, 0x00000000ec000000)
  object space 40960K, 0% used [0x00000000c4000000,0x00000000c4004000,0x00000000c6800000)
 PSPermGen       total 21504K, used 3156K [0x00000000bee00000, 0x00000000c0300000, 0x00000000c4000000)
  object space 21504K, 14% used [0x00000000bee00000,0x00000000bf115248,0x00000000c0300000)
}
Event: 0,669 GC heap before
{Heap before GC invocations=3 (full 0):
 PSYoungGen      total 17920K, used 17789K [0x00000000ec000000, 0x00000000ee300000, 0x0000000100000000)
  eden space 15360K, 100% used [0x00000000ec000000,0x00000000ecf00000,0x00000000ecf00000)
  from space 2560K, 94% used [0x00000000ed180000,0x00000000ed3df490,0x00000000ed400000)
  to   space 2560K, 0% used [0x00000000ecf00000,0x00000000ecf00000,0x00000000ed180000)
 ParOldGen       total 40960K, used 16K [0x00000000c4000000, 0x00000000c6800000, 0x00000000ec000000)
  object space 40960K, 0% used [0x00000000c4000000,0x00000000c4004000,0x00000000c6800000)
 PSPermGen       total 21504K, used 9139K [0x00000000bee00000, 0x00000000c0300000, 0x00000000c4000000)
  object space 21504K, 42% used [0x00000000bee00000,0x00000000bf6ecee0,0x00000000c0300000)
Event: 0,674 GC heap after
Heap after GC invocations=3 (full 0):
 PSYoungGen      total 17920K, used 2545K [0x00000000ec000000, 0x00000000ee300000, 0x0000000100000000)
  eden space 15360K, 0% used [0x00000000ec000000,0x00000000ec000000,0x00000000ecf00000)
  from space 2560K, 99% used [0x00000000ecf00000,0x00000000ed17c538,0x00000000ed180000)
  to   space 2560K, 0% used [0x00000000ee080000,0x00000000ee080000,0x00000000ee300000)
 ParOldGen       total 40960K, used 1246K [0x00000000c4000000, 0x00000000c6800000, 0x00000000ec000000)
  object space 40960K, 3% used [0x00000000c4000000,0x00000000c4137a60,0x00000000c6800000)
 PSPermGen       total 21504K, used 9139K [0x00000000bee00000, 0x00000000c0300000, 0x00000000c4000000)
  object space 21504K, 42% used [0x00000000bee00000,0x00000000bf6ecee0,0x00000000c0300000)
}

Deoptimization events (10 events):
Event: 0,453 Thread 0x00007f5b10012000 Uncommon trap: reason=class_check action=maybe_recompile pc=0x00007f5b0d0713d8 method=java.net.URL.<init>(Ljava/net/URL;Ljava/lang/String;Ljava/net/URLStreamHandler;)V @ 504
Event: 0,455 Thread 0x00007f5b10012000 Uncommon trap: reason=class_check action=maybe_recompile pc=0x00007f5b0d0713d8 method=java.net.URL.<init>(Ljava/net/URL;Ljava/lang/String;Ljava/net/URLStreamHandler;)V @ 504
Event: 0,456 Thread 0x00007f5b10012000 Uncommon trap: reason=class_check action=maybe_recompile pc=0x00007f5b0d0713d8 method=java.net.URL.<init>(Ljava/net/URL;Ljava/lang/String;Ljava/net/URLStreamHandler;)V @ 504
Event: 0,480 Thread 0x00007f5b10012000 Uncommon trap: reason=null_check action=make_not_entrant pc=0x00007f5b0d0704e0 method=java.lang.String.equals(Ljava/lang/Object;)Z @ 8
Event: 0,510 Thread 0x00007f5b10012000 Uncommon trap: reason=class_check action=maybe_recompile pc=0x00007f5b0d0832f4 method=java.util.Properties$LineReader.readLine()I @ 62
Event: 0,511 Thread 0x00007f5b10012000 Uncommon trap: reason=class_check action=maybe_recompile pc=0x00007f5b0d0832f4 method=java.util.Properties$LineReader.readLine()I @ 62
Event: 0,511 Thread 0x00007f5b10012000 Uncommon trap: reason=class_check action=maybe_recompile pc=0x00007f5b0d0832f4 method=java.util.Properties$LineReader.readLine()I @ 62
Event: 0,512 Thread 0x00007f5b10012000 Uncommon trap: reason=class_check action=maybe_recompile pc=0x00007f5b0d0832f4 method=java.util.Properties$LineReader.readLine()I @ 62
Event: 0,638 Thread 0x00007f5b10911800 Uncommon trap: reason=unreached action=reinterpret pc=0x00007f5b0d064b00 method=java.lang.AbstractStringBuilder.append(Ljava/lang/String;)Ljava/lang/AbstractStringBuilder; @ 1
Event: 0,638 Thread 0x00007f5b10911800 Uncommon trap: reason=unreached action=reinterpret pc=0x00007f5b0d0653fc method=java.lang.AbstractStringBuilder.append(Ljava/lang/String;)Ljava/lang/AbstractStringBuilder; @ 1

Internal exceptions (10 events):
Event: 0,738 Thread 0x00007f5b10911800 Threw 0x00000000ec25de50 at /HUDSON/workspace/7u-2-build-linux-amd64/jdk7u45/229/hotspot/src/share/vm/prims/jvm.cpp:1244
Event: 0,761 Thread 0x00007f5b10911800 Threw 0x00000000ec29e0c0 at /HUDSON/workspace/7u-2-build-linux-amd64/jdk7u45/229/hotspot/src/share/vm/prims/jvm.cpp:1244
Event: 0,763 Thread 0x00007f5b10911800 Threw 0x00000000ec2a0900 at /HUDSON/workspace/7u-2-build-linux-amd64/jdk7u45/229/hotspot/src/share/vm/prims/jvm.cpp:1244
Event: 0,765 Thread 0x00007f5b10911800 Threw 0x00000000ec2a2f80 at /HUDSON/workspace/7u-2-build-linux-amd64/jdk7u45/229/hotspot/src/share/vm/prims/jvm.cpp:1244
Event: 0,767 Thread 0x00007f5b10911800 Threw 0x00000000ec2a5888 at /HUDSON/workspace/7u-2-build-linux-amd64/jdk7u45/229/hotspot/src/share/vm/prims/jvm.cpp:1244
Event: 0,784 Thread 0x00007f5b10911800 Threw 0x00000000ec2fa128 at /HUDSON/workspace/7u-2-build-linux-amd64/jdk7u45/229/hotspot/src/share/vm/prims/jvm.cpp:1244
Event: 0,789 Thread 0x00007f5b10911800 Threw 0x00000000ec2fd5e0 at /HUDSON/workspace/7u-2-build-linux-amd64/jdk7u45/229/hotspot/src/share/vm/prims/jvm.cpp:1244
Event: 0,790 Thread 0x00007f5b10911800 Threw 0x00000000ec30e998 at /HUDSON/workspace/7u-2-build-linux-amd64/jdk7u45/229/hotspot/src/share/vm/prims/jvm.cpp:1244
Event: 0,792 Thread 0x00007f5b10911800 Threw 0x00000000ec3740c8 at /HUDSON/workspace/7u-2-build-linux-amd64/jdk7u45/229/hotspot/src/share/vm/prims/jvm.cpp:1244
Event: 0,796 Thread 0x00007f5b10911800 Threw 0x00000000ec393678 at /HUDSON/workspace/7u-2-build-linux-amd64/jdk7u45/229/hotspot/src/share/vm/prims/jvm.cpp:1248

Events (10 events):
Event: 0,797 loading class 0x00007f5b1435c010 done
Event: 0,797 loading class 0x00007f5b1435bda0 done
Event: 0,797 loading class 0x00007f5ad8055160
Event: 0,797 loading class 0x00007f5ad8055160 done
Event: 1,800 loading class 0x00007f5ad8054b50
Event: 1,800 loading class 0x00007f5ad8054b50 done
Event: 1,800 loading class 0x00007f5ae411a970
Event: 1,801 loading class 0x00007f5ae411a970 done
Event: 1,801 Thread 0x00007f5b10910000 Thread exited: 0x00007f5b10910000
Event: 1,801 Thread 0x00007f5b10911800 Thread exited: 0x00007f5b10911800


Dynamic libraries:
00400000-00401000 r-xp 00000000 08:02 1574217                            /opt/jdk1.7u45/bin/java
00600000-00601000 rw-p 00000000 08:02 1574217                            /opt/jdk1.7u45/bin/java
01bde000-01bff000 rw-p 00000000 00:00 0                                  [heap]
bee00000-c0300000 rw-p 00000000 00:00 0 
c0300000-c4000000 rw-p 00000000 00:00 0 
c4000000-c6800000 rw-p 00000000 00:00 0 
c6800000-ec000000 rw-p 00000000 00:00 0 
ec000000-ee300000 rw-p 00000000 00:00 0 
ee300000-100000000 rw-p 00000000 00:00 0 
7f5ab8000000-7f5ab8021000 rw-p 00000000 00:00 0 
7f5ab8021000-7f5abc000000 ---p 00000000 00:00 0 
7f5ac0000000-7f5ac0070000 rw-p 00000000 00:00 0 
7f5ac0070000-7f5ac4000000 ---p 00000000 00:00 0 
7f5ac4000000-7f5ac4038000 rw-p 00000000 00:00 0 
7f5ac4038000-7f5ac8000000 ---p 00000000 00:00 0 
7f5ac8000000-7f5ac8021000 rw-p 00000000 00:00 0 
7f5ac8021000-7f5acc000000 ---p 00000000 00:00 0 
7f5acc000000-7f5acc021000 rw-p 00000000 00:00 0 
7f5acc021000-7f5ad0000000 ---p 00000000 00:00 0 
7f5ad0000000-7f5ad0021000 rw-p 00000000 00:00 0 
7f5ad0021000-7f5ad4000000 ---p 00000000 00:00 0 
7f5ad4000000-7f5ad4021000 rw-p 00000000 00:00 0 
7f5ad4021000-7f5ad8000000 ---p 00000000 00:00 0 
7f5ad8000000-7f5ad82e7000 rw-p 00000000 00:00 0 
7f5ad82e7000-7f5adc000000 ---p 00000000 00:00 0 
7f5adc000000-7f5adc021000 rw-p 00000000 00:00 0 
7f5adc021000-7f5ae0000000 ---p 00000000 00:00 0 
7f5ae0000000-7f5ae0021000 rw-p 00000000 00:00 0 
7f5ae0021000-7f5ae4000000 ---p 00000000 00:00 0 
7f5ae4000000-7f5ae4488000 rw-p 00000000 00:00 0 
7f5ae4488000-7f5ae8000000 ---p 00000000 00:00 0 
7f5ae8000000-7f5ae8021000 rw-p 00000000 00:00 0 
7f5ae8021000-7f5aec000000 ---p 00000000 00:00 0 
7f5aec000000-7f5aec021000 rw-p 00000000 00:00 0 
7f5aec021000-7f5af0000000 ---p 00000000 00:00 0 
7f5af0000000-7f5af0021000 rw-p 00000000 00:00 0 
7f5af0021000-7f5af4000000 ---p 00000000 00:00 0 
7f5af4000000-7f5af4021000 rw-p 00000000 00:00 0 
7f5af4021000-7f5af8000000 ---p 00000000 00:00 0 
7f5af8000000-7f5af8021000 rw-p 00000000 00:00 0 
7f5af8021000-7f5afc000000 ---p 00000000 00:00 0 
7f5b00000000-7f5b00021000 rw-p 00000000 00:00 0 
7f5b00021000-7f5b04000000 ---p 00000000 00:00 0 
7f5b046af000-7f5b046b2000 ---p 00000000 00:00 0 
7f5b046b2000-7f5b047b0000 rw-p 00000000 00:00 0 
7f5b047b0000-7f5b047b3000 ---p 00000000 00:00 0 
7f5b047b3000-7f5b048b1000 rw-p 00000000 00:00 0                          [stack:19480]
7f5b048b1000-7f5b048b4000 ---p 00000000 00:00 0 
7f5b048b4000-7f5b049b2000 rw-p 00000000 00:00 0                          [stack:19479]
7f5b049b2000-7f5b049b3000 r--s 00000000 08:02 4727013                    /var/cache/fontconfig/c05880de57d1f5e948fdfacc138775d9-le64.cache-4
7f5b049b3000-7f5b049be000 r--s 00000000 08:02 4727006                    /var/cache/fontconfig/945677eb7aeaf62f1d50efc3fb3ec7d8-le64.cache-4
7f5b049be000-7f5b049c0000 r--s 00000000 08:02 4727008                    /var/cache/fontconfig/99e8ed0e538f840c565b6ed5dad60d56-le64.cache-4
7f5b049c0000-7f5b049c6000 r--s 00000000 08:02 4726991                    /var/cache/fontconfig/2cd17615ca594fa2959ae173292e504c-le64.cache-4
7f5b049c6000-7f5b049c7000 r--s 00000000 08:02 4727023                    /var/cache/fontconfig/e7071f4a29fa870f4323321c154eba04-le64.cache-4
7f5b049c7000-7f5b049c8000 r--s 00000000 08:02 4726988                    /var/cache/fontconfig/0d8c3b2ac0904cb8a57a757ad11a4a08-le64.cache-4
7f5b049c8000-7f5b049cf000 r--s 00000000 08:02 4727010                    /var/cache/fontconfig/a755afe4a08bf5b97852ceb7400b47bc-le64.cache-4
7f5b049cf000-7f5b049db000 r--s 00000000 08:02 4727001                    /var/cache/fontconfig/6d41288fd70b0be22e8c3a91e032eec0-le64.cache-4
7f5b049db000-7f5b049ef000 r--s 00000000 08:02 4726986                    /var/cache/fontconfig/04aabc0a78ac019cf9454389977116d2-le64.cache-4
7f5b049ef000-7f5b049f0000 r--s 00000000 08:02 4726990                    /var/cache/fontconfig/1ac9eb803944fde146138c791f5cc56a-le64.cache-4
7f5b049f0000-7f5b049f4000 r--s 00000000 08:02 4726994                    /var/cache/fontconfig/385c0604a188198f04d133e54aba7fe7-le64.cache-4
7f5b049f4000-7f5b049f5000 r--s 00000000 08:02 4727020                    /var/cache/fontconfig/dc05db6664285cc2f12bf69c139ae4c3-le64.cache-4
7f5b049f5000-7f5b049f7000 r--s 00000000 08:02 4727003                    /var/cache/fontconfig/767a8244fc0220cfb567a839d0392e0b-le64.cache-4
7f5b049f7000-7f5b049fa000 r--s 00000000 08:02 4727005                    /var/cache/fontconfig/8801497958630a81b71ace7c5f9b32a8-le64.cache-4
7f5b049fa000-7f5b04a0d000 r--s 00000000 08:02 4727017                    /var/cache/fontconfig/d52a8644073d54c13679302ca1180695-le64.cache-4
7f5b04af1000-7f5b04af4000 ---p 00000000 00:00 0 
7f5b04af4000-7f5b04bf2000 rw-p 00000000 00:00 0 
7f5b04bf2000-7f5b04bf5000 ---p 00000000 00:00 0 
7f5b04bf5000-7f5b04cf3000 rw-p 00000000 00:00 0                          [stack:19477]
7f5b04cf3000-7f5b04cf8000 r-xp 00000000 08:02 4463878                    /usr/lib/x86_64-linux-gnu/libXfixes.so.3.1.0
7f5b04cf8000-7f5b04ef7000 ---p 00005000 08:02 4463878                    /usr/lib/x86_64-linux-gnu/libXfixes.so.3.1.0
7f5b04ef7000-7f5b04ef8000 r--p 00004000 08:02 4463878                    /usr/lib/x86_64-linux-gnu/libXfixes.so.3.1.0
7f5b04ef8000-7f5b04ef9000 rw-p 00005000 08:02 4463878                    /usr/lib/x86_64-linux-gnu/libXfixes.so.3.1.0
7f5b04ef9000-7f5b04f02000 r-xp 00000000 08:02 4463870                    /usr/lib/x86_64-linux-gnu/libXcursor.so.1.0.2
7f5b04f02000-7f5b05101000 ---p 00009000 08:02 4463870                    /usr/lib/x86_64-linux-gnu/libXcursor.so.1.0.2
7f5b05101000-7f5b05102000 r--p 00008000 08:02 4463870                    /usr/lib/x86_64-linux-gnu/libXcursor.so.1.0.2
7f5b05102000-7f5b05103000 rw-p 00009000 08:02 4463870                    /usr/lib/x86_64-linux-gnu/libXcursor.so.1.0.2
7f5b05119000-7f5b0511d000 r--s 000f7000 08:02 1574937                    /opt/jdk1.7u45/jre/lib/ext/localedata.jar
7f5b0511d000-7f5b0512d000 r-xp 00000000 08:02 1575031                    /opt/jdk1.7u45/jre/lib/amd64/libnio.so
7f5b0512d000-7f5b0532d000 ---p 00010000 08:02 1575031                    /opt/jdk1.7u45/jre/lib/amd64/libnio.so
7f5b0532d000-7f5b0532e000 rw-p 00010000 08:02 1575031                    /opt/jdk1.7u45/jre/lib/amd64/libnio.so
7f5b0532e000-7f5b05344000 r-xp 00000000 08:02 1574982                    /opt/jdk1.7u45/jre/lib/amd64/libnet.so
7f5b05344000-7f5b05544000 ---p 00016000 08:02 1574982                    /opt/jdk1.7u45/jre/lib/amd64/libnet.so
7f5b05544000-7f5b05545000 rw-p 00016000 08:02 1574982                    /opt/jdk1.7u45/jre/lib/amd64/libnet.so
7f5b05545000-7f5b05548000 ---p 00000000 00:00 0 
7f5b05548000-7f5b05646000 rw-p 00000000 00:00 0                          [stack:19476]
7f5b05646000-7f5b0565b000 r-xp 00000000 08:02 1048589                    /lib/x86_64-linux-gnu/libgcc_s.so.1
7f5b0565b000-7f5b0585a000 ---p 00015000 08:02 1048589                    /lib/x86_64-linux-gnu/libgcc_s.so.1
7f5b0585a000-7f5b0585b000 r--p 00014000 08:02 1048589                    /lib/x86_64-linux-gnu/libgcc_s.so.1
7f5b0585b000-7f5b0585c000 rw-p 00015000 08:02 1048589                    /lib/x86_64-linux-gnu/libgcc_s.so.1
7f5b0585c000-7f5b0585d000 r--s 00000000 08:02 4727478                    /var/cache/fontconfig/4794a0821666d79190d59a36cb4f44b5-le64.cache-4
7f5b0585d000-7f5b05864000 r--s 00000000 08:02 4726992                    /var/cache/fontconfig/3047814df9a2f067bd2d96a2b9c36e5a-le64.cache-4
7f5b05864000-7f5b0586a000 r--s 00000000 08:02 4727011                    /var/cache/fontconfig/b47c4e1ecd0709278f4910c18777a504-le64.cache-4
7f5b0586a000-7f5b05876000 r--s 00000000 08:02 4727018                    /var/cache/fontconfig/d589a48862398ed80a3d6066f4f56f4c-le64.cache-4
7f5b05876000-7f5b058d6000 r-xp 00000000 08:02 1575025                    /opt/jdk1.7u45/jre/lib/amd64/libfontmanager.so
7f5b058d6000-7f5b05ad5000 ---p 00060000 08:02 1575025                    /opt/jdk1.7u45/jre/lib/amd64/libfontmanager.so
7f5b05ad5000-7f5b05ad9000 rw-p 0005f000 08:02 1575025                    /opt/jdk1.7u45/jre/lib/amd64/libfontmanager.so
7f5b05ad9000-7f5b05aea000 rw-p 00000000 00:00 0 
7f5b05aea000-7f5b05b0c000 r--p 00000000 08:02 4990550                    /usr/share/locale-langpack/pt_BR/LC_MESSAGES/libc.mo
7f5b05b0c000-7f5b05b11000 r-xp 00000000 08:02 4463874                    /usr/lib/x86_64-linux-gnu/libXdmcp.so.6.0.0
7f5b05b11000-7f5b05d10000 ---p 00005000 08:02 4463874                    /usr/lib/x86_64-linux-gnu/libXdmcp.so.6.0.0
7f5b05d10000-7f5b05d11000 r--p 00004000 08:02 4463874                    /usr/lib/x86_64-linux-gnu/libXdmcp.so.6.0.0
7f5b05d11000-7f5b05d12000 rw-p 00005000 08:02 4463874                    /usr/lib/x86_64-linux-gnu/libXdmcp.so.6.0.0
7f5b05d12000-7f5b05d14000 r-xp 00000000 08:02 4463863                    /usr/lib/x86_64-linux-gnu/libXau.so.6.0.0
7f5b05d14000-7f5b05f14000 ---p 00002000 08:02 4463863                    /usr/lib/x86_64-linux-gnu/libXau.so.6.0.0
7f5b05f14000-7f5b05f15000 r--p 00002000 08:02 4463863                    /usr/lib/x86_64-linux-gnu/libXau.so.6.0.0
7f5b05f15000-7f5b05f16000 rw-p 00003000 08:02 4463863                    /usr/lib/x86_64-linux-gnu/libXau.so.6.0.0
7f5b05f16000-7f5b05f33000 r-xp 00000000 08:02 4464915                    /usr/lib/x86_64-linux-gnu/libxcb.so.1.1.0
7f5b05f33000-7f5b06132000 ---p 0001d000 08:02 4464915                    /usr/lib/x86_64-linux-gnu/libxcb.so.1.1.0
7f5b06132000-7f5b06133000 r--p 0001c000 08:02 4464915                    /usr/lib/x86_64-linux-gnu/libxcb.so.1.1.0
7f5b06133000-7f5b06134000 rw-p 0001d000 08:02 4464915                    /usr/lib/x86_64-linux-gnu/libxcb.so.1.1.0
7f5b06134000-7f5b06143000 r-xp 00000000 08:02 4463884                    /usr/lib/x86_64-linux-gnu/libXi.so.6.1.0
7f5b06143000-7f5b06342000 ---p 0000f000 08:02 4463884                    /usr/lib/x86_64-linux-gnu/libXi.so.6.1.0
7f5b06342000-7f5b06343000 r--p 0000e000 08:02 4463884                    /usr/lib/x86_64-linux-gnu/libXi.so.6.1.0
7f5b06343000-7f5b06344000 rw-p 0000f000 08:02 4463884                    /usr/lib/x86_64-linux-gnu/libXi.so.6.1.0
7f5b06344000-7f5b06349000 r-xp 00000000 08:02 4463902                    /usr/lib/x86_64-linux-gnu/libXtst.so.6.1.0
7f5b06349000-7f5b06548000 ---p 00005000 08:02 4463902                    /usr/lib/x86_64-linux-gnu/libXtst.so.6.1.0
7f5b06548000-7f5b06549000 r--p 00004000 08:02 4463902                    /usr/lib/x86_64-linux-gnu/libXtst.so.6.1.0
7f5b06549000-7f5b0654a000 rw-p 00005000 08:02 4463902                    /usr/lib/x86_64-linux-gnu/libXtst.so.6.1.0
7f5b0654a000-7f5b06553000 r-xp 00000000 08:02 4463896                    /usr/lib/x86_64-linux-gnu/libXrender.so.1.3.0
7f5b06553000-7f5b06752000 ---p 00009000 08:02 4463896                    /usr/lib/x86_64-linux-gnu/libXrender.so.1.3.0
7f5b06752000-7f5b06753000 r--p 00008000 08:02 4463896                    /usr/lib/x86_64-linux-gnu/libXrender.so.1.3.0
7f5b06753000-7f5b06754000 rw-p 00009000 08:02 4463896                    /usr/lib/x86_64-linux-gnu/libXrender.so.1.3.0
7f5b06754000-7f5b06884000 r-xp 00000000 08:02 4463859                    /usr/lib/x86_64-linux-gnu/libX11.so.6.3.0
7f5b06884000-7f5b06a84000 ---p 00130000 08:02 4463859                    /usr/lib/x86_64-linux-gnu/libX11.so.6.3.0
7f5b06a84000-7f5b06a85000 r--p 00130000 08:02 4463859                    /usr/lib/x86_64-linux-gnu/libX11.so.6.3.0
7f5b06a85000-7f5b06a89000 rw-p 00131000 08:02 4463859                    /usr/lib/x86_64-linux-gnu/libX11.so.6.3.0
7f5b06a89000-7f5b06a9a000 r-xp 00000000 08:02 4463876                    /usr/lib/x86_64-linux-gnu/libXext.so.6.4.0
7f5b06a9a000-7f5b06c99000 ---p 00011000 08:02 4463876                    /usr/lib/x86_64-linux-gnu/libXext.so.6.4.0
7f5b06c99000-7f5b06c9a000 r--p 00010000 08:02 4463876                    /usr/lib/x86_64-linux-gnu/libXext.so.6.4.0
7f5b06c9a000-7f5b06c9b000 rw-p 00011000 08:02 4463876                    /usr/lib/x86_64-linux-gnu/libXext.so.6.4.0
7f5b06c9b000-7f5b06c9c000 r--s 00000000 08:02 4726998                    /var/cache/fontconfig/56cf4f4769d0f4abc89a4895d7bd3ae1-le64.cache-4
7f5b06c9c000-7f5b06c9d000 r--s 00000000 08:02 4727012                    /var/cache/fontconfig/b9d506c9ac06c20b433354fa67a72993-le64.cache-4
7f5b06c9d000-7f5b06c9e000 r--s 00000000 08:02 4728804                    /var/cache/fontconfig/89034621ae2a8922916bb6bfa5799546-le64.cache-4
7f5b06c9e000-7f5b06ca6000 r--s 00000000 08:02 4726995                    /var/cache/fontconfig/3f7329c5293ffd510edef78f73874cfd-le64.cache-4
7f5b06ca6000-7f5b06ca7000 r--s 00000000 08:02 4726987                    /var/cache/fontconfig/0c9eb80ebd1c36541ebe2852d3bb0c49-le64.cache-4
7f5b06ca7000-7f5b06caa000 r--s 00000000 08:02 4727131                    /var/cache/fontconfig/e13b20fdb08344e0e664864cc2ede53d-le64.cache-4
7f5b06caa000-7f5b06cae000 r--s 00000000 08:02 4728801                    /var/cache/fontconfig/7ef2298fde41cc6eeb7af42e48b7d293-le64.cache-4
7f5b06cae000-7f5b06cb5000 r--s 00000000 08:02 4853370                    /usr/lib/x86_64-linux-gnu/gconv/gconv-modules.cache
7f5b06cb5000-7f5b06d05000 r-xp 00000000 08:02 1575034                    /opt/jdk1.7u45/jre/lib/amd64/xawt/libmawt.so
7f5b06d05000-7f5b06f05000 ---p 00050000 08:02 1575034                    /opt/jdk1.7u45/jre/lib/amd64/xawt/libmawt.so
7f5b06f05000-7f5b06f09000 rw-p 00050000 08:02 1575034                    /opt/jdk1.7u45/jre/lib/amd64/xawt/libmawt.so
7f5b06f09000-7f5b06f0a000 rw-p 00000000 00:00 0 
7f5b06f0a000-7f5b06fac000 r-xp 00000000 08:02 1574990                    /opt/jdk1.7u45/jre/lib/amd64/libawt.so
7f5b06fac000-7f5b071ac000 ---p 000a2000 08:02 1574990                    /opt/jdk1.7u45/jre/lib/amd64/libawt.so
7f5b071ac000-7f5b071b8000 rw-p 000a2000 08:02 1574990                    /opt/jdk1.7u45/jre/lib/amd64/libawt.so
7f5b071b8000-7f5b071dc000 rw-p 00000000 00:00 0 
7f5b071dc000-7f5b071e7000 r--s 0037c000 08:02 1574273                    /opt/jdk1.7u45/jre/lib/charsets.jar
7f5b071e7000-7f5b071eb000 r--s 0003b000 08:02 3805475                    /home/kaciano/.m2/repository/unknown/binary/GMPComps-1.0/SNAPSHOT/GMPComps-1.0-SNAPSHOT.jar
7f5b071eb000-7f5b07208000 r--s 00151000 08:02 4197907                    /home/kaciano/.m2/repository/org/swinglabs/swingx/swingx-all/1.6.5-1/swingx-all-1.6.5-1.jar
7f5b07208000-7f5b07213000 r--s 0008b000 08:02 1576293                    /home/kaciano/.m2/repository/net/sourceforge/jexcelapi/jxl/2.5.7/jxl-2.5.7.jar
7f5b07213000-7f5b07214000 r--s 00000000 08:02 5517672                    /home/kaciano/.m2/repository/javax/inject/javax.inject/1/javax.inject-1.jar
7f5b07214000-7f5b07215000 r--s 00001000 08:02 5645633                    /home/kaciano/.m2/repository/javax/annotation/jsr250-api/1.0/jsr250-api-1.0.jar
7f5b07215000-7f5b07216000 r--s 00001000 08:02 5645611                    /home/kaciano/.m2/repository/org/jboss/spec/javax/interceptor/jboss-interceptors-api_1.1_spec/1.0.0.Beta1/jboss-interceptors-api_1.1_spec-1.0.0.Beta1.jar
7f5b07216000-7f5b07218000 r--s 00007000 08:02 5645596                    /home/kaciano/.m2/repository/javax/el/el-api/2.2/el-api-2.2.jar
7f5b07218000-7f5b0721c000 r--s 0000e000 08:02 5645626                    /home/kaciano/.m2/repository/javax/enterprise/cdi-api/1.1/cdi-api-1.1.jar
7f5b0721c000-7f5b0721d000 r--s 00004000 08:02 5645593                    /home/kaciano/.m2/repository/org/jboss/spec/javax/annotation/jboss-annotations-api_1.2_spec/1.0.0.Alpha1/jboss-annotations-api_1.2_spec-1.0.0.Alpha1.jar
7f5b0721d000-7f5b0721f000 r--s 00010000 08:02 5517670                    /home/kaciano/.m2/repository/javax/el/javax.el-api/3.0-b08/javax.el-api-3.0-b08.jar
7f5b0721f000-7f5b07221000 r--s 00005000 08:02 4472078                    /home/kaciano/.m2/repository/org/slf4j/slf4j-api/1.7.2/slf4j-api-1.7.2.jar
7f5b07221000-7f5b07223000 r--s 00006000 08:02 5645608                    /home/kaciano/.m2/repository/ch/qos/cal10n/cal10n-api/0.7.7/cal10n-api-0.7.7.jar
7f5b07223000-7f5b07225000 r--s 00009000 08:02 4472071                    /home/kaciano/.m2/repository/org/slf4j/slf4j-ext/1.7.2/slf4j-ext-1.7.2.jar
7f5b07225000-7f5b07226000 r--s 00003000 08:02 5645581                    /home/kaciano/.m2/repository/org/jboss/spec/javax/interceptor/jboss-interceptors-api_1.2_spec/1.0.0.Alpha3/jboss-interceptors-api_1.2_spec-1.0.0.Alpha3.jar
7f5b07226000-7f5b0724a000 r--s 001aa000 08:02 5645598                    /home/kaciano/.m2/repository/com/google/guava/guava/13.0.1/guava-13.0.1.jar
7f5b0724a000-7f5b0724d000 r--s 00018000 08:02 5645650                    /home/kaciano/.m2/repository/org/jboss/classfilewriter/jboss-classfilewriter/1.0.4.Final/jboss-classfilewriter-1.0.4.Final.jar
7f5b0724d000-7f5b07268000 r--s 00126000 08:02 5645653                    /home/kaciano/.m2/repository/org/jboss/weld/weld-core/2.0.0.SP1/weld-core-2.0.0.SP1.jar
7f5b07268000-7f5b0726a000 r--s 00004000 08:02 5645652                    /home/kaciano/.m2/repository/org/jboss/weld/weld-api/2.0.Final/weld-api-2.0.Final.jar
7f5b0726a000-7f5b0726e000 r--s 0000d000 08:02 5645651                    /home/kaciano/.m2/repository/org/jboss/weld/weld-spi/2.0.Final/weld-spi-2.0.Final.jar
7f5b0726e000-7f5b07270000 r--s 00007000 08:02 5645584                    /home/kaciano/.m2/repository/org/jboss/weld/se/weld-se-core/2.0.0.SP1/weld-se-core-2.0.0.SP1.jar
7f5b07270000-7f5b07273000 r--s 00011000 08:02 5645577                    /home/kaciano/.m2/repository/org/glassfish/javax.json/1.0/javax.json-1.0.jar
7f5b07273000-7f5b07274000 r--s 00005000 08:02 5517665                    /home/kaciano/.m2/repository/javax/interceptor/javax.interceptor-api/1.2/javax.interceptor-api-1.2.jar
7f5b07274000-7f5b07275000 r--s 00004000 08:02 5645575                    /home/kaciano/.m2/repository/org/glassfish/main/resources/javamail-runtime/4.0/javamail-runtime-4.0.jar
7f5b07275000-7f5b07279000 r--s 0002b000 08:02 5517663                    /home/kaciano/.m2/repository/javax/mail/javax.mail-api/1.5.0/javax.mail-api-1.5.0.jar
7f5b07279000-7f5b0727c000 r--s 0000d000 08:02 5517661                    /home/kaciano/.m2/repository/org/glassfish/main/resourcebase/resources/nucleus-resources/4.0/nucleus-resources-4.0.jar
7f5b0727c000-7f5b0727f000 r--s 00018000 08:02 5517659                    /home/kaciano/.m2/repository/org/glassfish/main/resources/resources-connector/4.0/resources-connector-4.0.jar
7f5b0727f000-7f5b07281000 r--s 00005000 08:02 5517658                    /home/kaciano/.m2/repository/org/glassfish/main/resources/javamail-connector/4.0/javamail-connector-4.0.jar
7f5b07281000-7f5b07283000 r--s 00001000 08:02 5645558                    /home/kaciano/.m2/repository/org/glassfish/main/appclient/server/appclient-connector/4.0/appclient-connector-4.0.jar
7f5b07283000-7f5b07285000 r--s 0000a000 08:02 5645564                    /home/kaciano/.m2/repository/javax/xml/registry/javax.xml.registry-api/1.0.5/javax.xml.registry-api-1.0.5.jar
7f5b07285000-7f5b07288000 r--s 00010000 08:02 5517655                    /home/kaciano/.m2/repository/org/glassfish/metro/webservices-api-osgi/2.3/webservices-api-osgi-2.3.jar
7f5b07288000-7f5b0729c000 r--s 000e0000 08:02 5645556                    /home/kaciano/.m2/repository/com/sun/xml/bind/jaxb-extra-osgi/2.2.7/jaxb-extra-osgi-2.2.7.jar
7f5b0729c000-7f5b072dc000 r--s 0032f000 08:02 5517654                    /home/kaciano/.m2/repository/com/sun/xml/bind/jaxb-osgi/2.2.7/jaxb-osgi-2.2.7.jar
7f5b072dc000-7f5b072e0000 r--s 00018000 08:02 5517651                    /home/kaciano/.m2/repository/javax/xml/bind/jaxb-api-osgi/2.2.7/jaxb-api-osgi-2.2.7.jar
7f5b072e0000-7f5b072e2000 r--s 00005000 08:02 5517649                    /home/kaciano/.m2/repository/javax/annotation/javax.annotation-api/1.2/javax.annotation-api-1.2.jar
7f5b072e2000-7f5b072e4000 r--s 00004000 08:02 5517647                    /home/kaciano/.m2/repository/org/glassfish/main/persistence/cmp/cmp-internal-api/4.0/cmp-internal-api-4.0.jar
7f5b072e4000-7f5b072e6000 r--s 00006000 08:02 5517645                    /home/kaciano/.m2/repository/org/glassfish/main/deployment/deployment-javaee-core/4.0/deployment-javaee-core-4.0.jar
7f5b072e6000-7f5b072e7000 r--s 00006000 08:02 5517644                    /home/kaciano/.m2/repository/org/glassfish/main/persistence/persistence-common/4.0/persistence-common-4.0.jar
7f5b072e7000-7f5b072e8000 r--s 0000a000 08:02 5517641                    /home/kaciano/.m2/repository/org/glassfish/main/persistence/jpa-container/4.0/jpa-container-4.0.jar
7f5b072e8000-7f5b072ef000 r--s 0003c000 08:02 5517637                    /home/kaciano/.m2/repository/org/eclipse/persistence/org.eclipse.persistence.asm/2.5.0/org.eclipse.persistence.asm-2.5.0.jar
7f5b072ef000-7f5b072f4000 r--s 0002a000 08:02 5517633                    /home/kaciano/.m2/repository/org/eclipse/persistence/org.eclipse.persistence.antlr/2.5.0/org.eclipse.persistence.antlr-2.5.0.jar
7f5b072f4000-7f5b072f7000 r--s 00013000 08:02 5517634                    /home/kaciano/.m2/repository/org/eclipse/persistence/org.eclipse.persistence.oracle/2.5.0/org.eclipse.persistence.oracle-2.5.0.jar
7f5b072f7000-7f5b072fd000 r--s 0003f000 08:02 5517629                    /home/kaciano/.m2/repository/org/eclipse/persistence/org.eclipse.persistence.dbws/2.5.0/org.eclipse.persistence.dbws-2.5.0.jar
7f5b072fd000-7f5b07304000 r--s 00071000 08:02 5517674                    /home/kaciano/.m2/repository/org/eclipse/persistence/org.eclipse.persistence.moxy/2.5.0/org.eclipse.persistence.moxy-2.5.0.jar
7f5b07304000-7f5b07306000 r--s 0000b000 08:02 5517676                    /home/kaciano/.m2/repository/org/eclipse/persistence/org.eclipse.persistence.jpa.modelgen.processor/2.5.0/org.eclipse.persistence.jpa.modelgen.processor-2.5.0.jar
7f5b07306000-7f5b07324000 r--s 00137000 08:02 5517675                    /home/kaciano/.m2/repository/org/eclipse/persistence/org.eclipse.persistence.jpa.jpql/2.5.0/org.eclipse.persistence.jpa.jpql-2.5.0.jar
7f5b07324000-7f5b07333000 r--s 00108000 08:02 5517388                    /home/kaciano/.m2/repository/org/eclipse/persistence/org.eclipse.persistence.jpa/2.5.0/org.eclipse.persistence.jpa-2.5.0.jar
7f5b07333000-7f5b07371000 r--s 00482000 08:02 5517382                    /home/kaciano/.m2/repository/org/eclipse/persistence/org.eclipse.persistence.core/2.5.0/org.eclipse.persistence.core-2.5.0.jar
7f5b07371000-7f5b07374000 r--s 0000d000 08:02 5517622                    /home/kaciano/.m2/repository/javax/jms/javax.jms-api/2.0/javax.jms-api-2.0.jar
7f5b07374000-7f5b07375000 r--s 00004000 08:02 5517619                    /home/kaciano/.m2/repository/org/glassfish/main/ejb/gf-ejb-connector/4.0/gf-ejb-connector-4.0.jar
7f5b07375000-7f5b07376000 r--s 00003000 08:02 5517617                    /home/kaciano/.m2/repository/org/glassfish/main/jms/gf-jms-connector/4.0/gf-jms-connector-4.0.jar
7f5b07376000-7f5b07378000 r--s 00014000 08:02 5517614                    /home/kaciano/.m2/repository/org/glassfish/main/jms/jms-core/4.0/jms-core-4.0.jar
7f5b07378000-7f5b0737a000 r--s 0000f000 08:02 5517615                    /home/kaciano/.m2/repository/org/glassfish/main/transaction/jta/4.0/jta-4.0.jar
7f5b0737a000-7f5b07380000 r--s 0005a000 08:02 5517611                    /home/kaciano/.m2/repository/org/glassfish/main/transaction/jts/4.0/jts-4.0.jar
7f5b07380000-7f5b07382000 r--s 00006000 08:02 5517609                    /home/kaciano/.m2/repository/org/glassfish/main/appclient/acc-config/4.0/acc-config-4.0.jar
7f5b07382000-7f5b07383000 r--s 00002000 08:02 5517608                    /home/kaciano/.m2/repository/org/glassfish/main/common/simple-glassfish-api/4.0/simple-glassfish-api-4.0.jar
7f5b07383000-7f5b07386000 r--s 0001d000 08:02 5517605                    /home/kaciano/.m2/repository/org/glassfish/main/core/glassfish/4.0/glassfish-4.0.jar
7f5b07386000-7f5b0738c000 r--s 00051000 08:02 5517604                    /home/kaciano/.m2/repository/org/glassfish/pfl/pfl-asm/4.0.0-b003/pfl-asm-4.0.0-b003.jar
7f5b0738c000-7f5b0738f000 r--s 00008000 08:02 5385316                    /home/kaciano/.m2/repository/org/shoal/shoal-gms-api/1.6.18/shoal-gms-api-1.6.18.jar
7f5b0738f000-7f5b07391000 r--s 00005000 08:02 5517601                    /home/kaciano/.m2/repository/org/glassfish/main/cluster/gms-bootstrap/4.0/gms-bootstrap-4.0.jar
7f5b07391000-7f5b07393000 r--s 00014000 08:02 5517599                    /home/kaciano/.m2/repository/org/glassfish/main/orb/orb-iiop/4.0/orb-iiop-4.0.jar
7f5b07393000-7f5b07395000 r--s 00004000 08:02 5385314                    /home/kaciano/.m2/repository/org/glassfish/gmbal/gmbal-api-only/3.0.0-b023/gmbal-api-only-3.0.0-b023.jar
7f5b07395000-7f5b073a4000 r--s 000a5000 08:02 5517596                    /home/kaciano/.m2/repository/org/glassfish/grizzly/grizzly-framework/2.2.10/grizzly-framework-2.2.10.jar
7f5b073a4000-7f5b073ac000 r--s 0004d000 08:02 5517597                    /home/kaciano/.m2/repository/org/glassfish/pfl/pfl-dynamic/4.0.0-b003/pfl-dynamic-4.0.0-b003.jar
7f5b073ac000-7f5b073ae000 r--s 0000d000 08:02 4594019                    /home/kaciano/.m2/repository/org/apache/felix/org.osgi.core/1.2.0/org.osgi.core-1.2.0.jar
7f5b073ae000-7f5b073af000 r--s 00001000 08:02 5517594                    /home/kaciano/.m2/repository/org/glassfish/corba/exception-annotation-processor/4.0.0-b007/exception-annotation-processor-4.0.0-b007.jar
7f5b073af000-7f5b073b3000 r--s 00019000 08:02 5517591                    /home/kaciano/.m2/repository/org/glassfish/corba/glassfish-corba-csiv2-idl/4.0.0-b007/glassfish-corba-csiv2-idl-4.0.0-b007.jar
7f5b073b3000-7f5b073d0000 r--s 0016b000 08:02 5517590                    /home/kaciano/.m2/repository/org/glassfish/corba/glassfish-corba-orb/4.0.0-b007/glassfish-corba-orb-4.0.0-b007.jar
7f5b073d0000-7f5b073d2000 r--s 0000f000 08:02 5517587                    /home/kaciano/.m2/repository/org/glassfish/main/webservices/webservices-connector/4.0/webservices-connector-4.0.jar
7f5b073d2000-7f5b073d5000 r--s 00016000 08:02 5517585                    /home/kaciano/.m2/repository/org/glassfish/main/admin/monitoring-core/4.0/monitoring-core-4.0.jar
7f5b073d5000-7f5b073d7000 r--s 00005000 08:02 5517583                    /home/kaciano/.m2/repository/org/glassfish/corba/glassfish-corba-internal-api/4.0.0-b007/glassfish-corba-internal-api-4.0.0-b007.jar
7f5b073d7000-7f5b073eb000 r--s 000b5000 08:02 5517580                    /home/kaciano/.m2/repository/org/glassfish/corba/glassfish-corba-omgapi/4.0.0-b007/glassfish-corba-omgapi-4.0.0-b007.jar
7f5b073eb000-7f5b073f1000 r--s 00028000 08:02 5517581                    /home/kaciano/.m2/repository/org/glassfish/pfl/pfl-basic/4.0.0-b003/pfl-basic-4.0.0-b003.jar
7f5b073f1000-7f5b073f3000 r--s 00002000 08:02 5517576                    /home/kaciano/.m2/repository/org/glassfish/main/orb/orb-enabler/4.0/orb-enabler-4.0.jar
7f5b073f3000-7f5b073f6000 r--s 0000c000 08:02 5517574                    /home/kaciano/.m2/repository/org/glassfish/main/orb/orb-connector/4.0/orb-connector-4.0.jar
7f5b073f6000-7f5b073f8000 r--s 00001000 08:02 5517572                    /home/kaciano/.m2/repository/org/glassfish/main/ejb/ejb-internal-api/4.0/ejb-internal-api-4.0.jar
7f5b073f8000-7f5b073fa000 r--s 00001000 08:02 5517571                    /home/kaciano/.m2/repository/org/glassfish/main/connectors/gf-connectors-connector/4.0/gf-connectors-connector-4.0.jar
7f5b073fa000-7f5b07402000 r--s 0007a000 08:02 5517579                    /home/kaciano/.m2/repository/org/glassfish/main/connectors/connectors-runtime/4.0/connectors-runtime-4.0.jar
7f5b07402000-7f5b07404000 r--s 00006000 08:02 5517568                    /home/kaciano/.m2/repository/org/glassfish/main/connectors/connectors-inbound-runtime/4.0/connectors-inbound-runtime-4.0.jar
7f5b07404000-7f5b07406000 r--s 0000b000 08:02 5517566                    /home/kaciano/.m2/repository/javax/security/auth/message/javax.security.auth.message-api/1.1/javax.security.auth.message-api-1.1.jar
7f5b07406000-7f5b07408000 r--s 0000b000 08:02 5517563                    /home/kaciano/.m2/repository/org/glassfish/pfl/pfl-tf-tools/4.0.0-b003/pfl-tf-tools-4.0.0-b003.jar
7f5b07408000-7f5b0740a000 r--s 00010000 08:02 5517562                    /home/kaciano/.m2/repository/org/glassfish/pfl/pfl-basic-tools/4.0.0-b003/pfl-basic-tools-4.0.0-b003.jar
7f5b0740a000-7f5b0740d000 r--s 00015000 08:02 5517560                    /home/kaciano/.m2/repository/org/glassfish/pfl/pfl-tf/4.0.0-b003/pfl-tf-4.0.0-b003.jar
7f5b0740d000-7f5b07412000 r--s 0002d000 08:02 5385312                    /home/kaciano/.m2/repository/org/glassfish/gmbal/gmbal/4.0.0-b001/gmbal-4.0.0-b001.jar
7f5b07412000-7f5b07413000 r--s 00005000 08:02 5517557                    /home/kaciano/.m2/repository/org/glassfish/main/transaction/transaction-internal-api/4.0/transaction-internal-api-4.0.jar
7f5b07413000-7f5b07415000 r--s 00009000 08:02 5517555                    /home/kaciano/.m2/repository/org/glassfish/main/connectors/work-management/4.0/work-management-4.0.jar
7f5b07415000-7f5b07417000 r--s 00015000 08:02 5517553                    /home/kaciano/.m2/repository/org/glassfish/main/common/glassfish-naming/4.0/glassfish-naming-4.0.jar
7f5b07417000-7f5b0741b000 r--s 0002e000 08:02 5517551                    /home/kaciano/.m2/repository/org/glassfish/grizzly/grizzly-http-servlet/2.3.1/grizzly-http-servlet-2.3.1.jar
7f5b0741b000-7f5b0741f000 r--s 00039000 08:02 5517550                    /home/kaciano/.m2/repository/org/glassfish/main/webservices/jsr109-impl/4.0/jsr109-impl-4.0.jar
7f5b0741f000-7f5b07421000 r--s 0000a000 08:02 5517548                    /home/kaciano/.m2/repository/org/glassfish/main/security/websecurity/4.0/websecurity-4.0.jar
7f5b07421000-7f5b07423000 r--s 0000d000 08:02 5517639                    /home/kaciano/.m2/repository/org/jvnet/mimepull/mimepull/1.9.1/mimepull-1.9.1.jar
7f5b07423000-7f5b07427000 r--s 00029000 08:02 5517544                    /home/kaciano/.m2/repository/org/codehaus/woodstox/stax2-api/3.1.1/stax2-api-3.1.1.jar
7f5b07427000-7f5b0742c000 r--s 00070000 08:02 5517541                    /home/kaciano/.m2/repository/org/codehaus/woodstox/woodstox-core-asl/4.1.2/woodstox-core-asl-4.1.2.jar
7f5b0742c000-7f5b0742e000 r--s 00000000 08:02 5517623                    /home/kaciano/.m2/repository/org/glassfish/metro/webservices-extra-jdk-packages/2.3/webservices-extra-jdk-packages-2.3.jar
7f5b0742e000-7f5b07431000 r--s 00009000 08:02 5517632                    /home/kaciano/.m2/repository/javax/xml/rpc/javax.xml.rpc-api/1.1/javax.xml.rpc-api-1.1.jar
7f5b07431000-7f5b074e7000 r--s 00b30000 08:02 5517533                    /home/kaciano/.m2/repository/org/glassfish/metro/webservices-osgi/2.3/webservices-osgi-2.3.jar
7f5b074e7000-7f5b074e9000 r--s 00004000 08:02 5517534                    /home/kaciano/.m2/repository/org/glassfish/main/web/web-sse/4.0/web-sse-4.0.jar
7f5b074e9000-7f5b074eb000 r--s 00006000 08:02 5517529                    /home/kaciano/.m2/repository/org/glassfish/main/web/gf-web-connector/4.0/gf-web-connector-4.0.jar
7f5b074eb000-7f5b074ed000 r--s 00006000 08:02 5517530                    /home/kaciano/.m2/repository/org/glassfish/main/web/web-embed-api/4.0/web-embed-api-4.0.jar
7f5b074ed000-7f5b074ef000 r--s 00008000 08:02 5517527                    /home/kaciano/.m2/repository/org/glassfish/main/web/web-gui-plugin-common/4.0/web-gui-plugin-common-4.0.jar
7f5b074ef000-7f5b074f1000 r--s 00001000 08:02 5517525                    /home/kaciano/.m2/repository/org/glassfish/main/admin/admin-core/4.0/admin-core-4.0.jar
7f5b074f1000-7f5b074f5000 r--s 00033000 08:02 5517523                    /home/kaciano/.m2/repository/org/glassfish/javax.el/3.0.0/javax.el-3.0.0.jar
7f5b074f5000-7f5b074fc000 r--s 0007f000 08:02 5385308                    /home/kaciano/.m2/repository/org/glassfish/web/javax.servlet.jsp/2.3.2/javax.servlet.jsp-2.3.2.jar
7f5b074fc000-7f5b0750a000 r--s 00103000 08:02 5517520                    /home/kaciano/.m2/repository/org/glassfish/main/web/web-core/4.0/web-core-4.0.jar
7f5b0750a000-7f5b0750c000 r--s 00018000 08:02 5517518                    /home/kaciano/.m2/repository/org/glassfish/main/web/web-naming/4.0/web-naming-4.0.jar
7f5b0750c000-7f5b0750e000 r--s 0000b000 08:02 5517517                    /home/kaciano/.m2/repository/javax/servlet/jsp/javax.servlet.jsp-api/2.3.1/javax.servlet.jsp-api-2.3.1.jar
7f5b0750e000-7f5b07510000 r--s 00018000 08:02 5517464                    /home/kaciano/.m2/repository/org/glassfish/main/web/war-util/4.0/war-util-4.0.jar
7f5b07510000-7f5b07515000 r--s 00038000 08:02 5517515                    /home/kaciano/.m2/repository/org/glassfish/main/external/jmxremote_optional-repackaged/4.0/jmxremote_optional-repackaged-4.0.jar
7f5b07515000-7f5b07517000 r--s 0000f000 08:02 5517512                    /home/kaciano/.m2/repository/org/glassfish/main/common/glassfish-mbeanserver/4.0/glassfish-mbeanserver-4.0.jar
7f5b07517000-7f5b0751f000 r--s 00066000 08:02 5517513                    /home/kaciano/.m2/repository/org/glassfish/main/common/amx-core/4.0/amx-core-4.0.jar
7f5b0751f000-7f5b07523000 r--s 00011000 08:02 5517507                    /home/kaciano/.m2/repository/org/glassfish/main/common/amx-javaee/4.0/amx-javaee-4.0.jar
7f5b07523000-7f5b0752d000 r--s 00094000 08:02 5517457                    /home/kaciano/.m2/repository/org/glassfish/main/web/web-glue/4.0/web-glue-4.0.jar
7f5b0752d000-7f5b0752e000 ---p 00000000 00:00 0 
7f5b0752e000-7f5b0762e000 rw-p 00000000 00:00 0                          [stack:19475]
7f5b0762e000-7f5b07631000 ---p 00000000 00:00 0 
7f5b07631000-7f5b0772f000 rw-p 00000000 00:00 0                          [stack:19474]
7f5b0772f000-7f5b07732000 ---p 00000000 00:00 0 
7f5b07732000-7f5b07830000 rw-p 00000000 00:00 0                          [stack:19473]
7f5b07830000-7f5b07833000 ---p 00000000 00:00 0 
7f5b07833000-7f5b07931000 rw-p 00000000 00:00 0                          [stack:19472]
7f5b07931000-7f5b07934000 ---p 00000000 00:00 0 
7f5b07934000-7f5b07a32000 rw-p 00000000 00:00 0                          [stack:19471]
7f5b07a32000-7f5b07cfd000 r--p 00000000 08:02 4462468                    /usr/lib/locale/locale-archive
7f5b07cfd000-7f5b07d00000 ---p 00000000 00:00 0 
7f5b07d00000-7f5b07dfe000 rw-p 00000000 00:00 0                          [stack:19470]
7f5b07dfe000-7f5b07e01000 ---p 00000000 00:00 0 
7f5b07e01000-7f5b07eff000 rw-p 00000000 00:00 0                          [stack:19469]
7f5b07eff000-7f5b07f00000 ---p 00000000 00:00 0 
7f5b07f00000-7f5b08000000 rw-p 00000000 00:00 0                          [stack:19468]
7f5b08000000-7f5b08021000 rw-p 00000000 00:00 0 
7f5b08021000-7f5b0c000000 ---p 00000000 00:00 0 
7f5b0c000000-7f5b0c002000 r--s 00006000 08:02 5517509                    /home/kaciano/.m2/repository/javax/management/j2ee/javax.management.j2ee-api/1.1.1/javax.management.j2ee-api-1.1.1.jar
7f5b0c002000-7f5b0c006000 r--s 0002a000 08:02 5517396                    /home/kaciano/.m2/repository/org/glassfish/main/web/web-cli/4.0/web-cli-4.0.jar
7f5b0c006000-7f5b0c008000 r--s 00000000 08:02 5517536                    /home/kaciano/.m2/repository/org/glassfish/main/core/api-exporter/4.0/api-exporter-4.0.jar
7f5b0c008000-7f5b0c00c000 r--s 00029000 08:02 5517500                    /home/kaciano/.m2/repository/org/glassfish/main/core/logging/4.0/logging-4.0.jar
7f5b0c00c000-7f5b0c010000 r--s 0001f000 08:02 5517499                    /home/kaciano/.m2/repository/org/glassfish/main/flashlight/flashlight-framework/4.0/flashlight-framework-4.0.jar
7f5b0c010000-7f5b0c01a000 r--s 000a3000 08:02 5517496                    /home/kaciano/.m2/repository/org/glassfish/main/core/kernel/4.0/kernel-4.0.jar
7f5b0c01a000-7f5b0c01c000 r--s 00011000 08:02 5517448                    /home/kaciano/.m2/repository/org/glassfish/main/security/webservices.security/4.0/webservices.security-4.0.jar
7f5b0c01c000-7f5b0c01e000 r--s 00009000 08:02 5517492                    /home/kaciano/.m2/repository/org/glassfish/external/management-api/3.2.0-b001/management-api-3.2.0-b001.jar
7f5b0c01e000-7f5b0c021000 r--s 0001b000 08:02 5517441                    /home/kaciano/.m2/repository/org/glassfish/grizzly/grizzly-config/2.3.1/grizzly-config-2.3.1.jar
7f5b0c021000-7f5b0c025000 r--s 0002c000 08:02 5517488                    /home/kaciano/.m2/repository/org/glassfish/grizzly/grizzly-http-server/2.3.1/grizzly-http-server-2.3.1.jar
7f5b0c025000-7f5b0c02a000 r--s 00049000 08:02 5517485                    /home/kaciano/.m2/repository/org/glassfish/grizzly/grizzly-http/2.3.1/grizzly-http-2.3.1.jar
7f5b0c02a000-7f5b0c02c000 r--s 00003000 08:02 5517484                    /home/kaciano/.m2/repository/org/glassfish/grizzly/grizzly-portunif/2.3.1/grizzly-portunif-2.3.1.jar
7f5b0c02c000-7f5b0c02e000 r--s 00001000 08:02 5517482                    /home/kaciano/.m2/repository/org/glassfish/grizzly/grizzly-rcm/2.3.1/grizzly-rcm-2.3.1.jar
7f5b0c02e000-7f5b0c047000 r--s 00149000 08:02 5517438                    /home/kaciano/.m2/repository/org/glassfish/main/grizzly/nucleus-grizzly-all/4.0/nucleus-grizzly-all-4.0.jar
7f5b0c047000-7f5b0c04a000 r--s 00013000 08:02 5517478                    /home/kaciano/.m2/repository/org/glassfish/hk2/class-model/2.1.92/class-model-2.1.92.jar
7f5b0c04a000-7f5b0c04c000 r--s 00006000 08:02 5517477                    /home/kaciano/.m2/repository/org/glassfish/hk2/hk2-runlevel/2.1.92/hk2-runlevel-2.1.92.jar
7f5b0c04c000-7f5b0c05d000 r--s 000a7000 08:02 5517474                    /home/kaciano/.m2/repository/org/glassfish/hk2/external/bean-validator/2.1.92/bean-validator-2.1.92.jar
7f5b0c05d000-7f5b0c05f000 r--s 00003000 08:02 5517472                    /home/kaciano/.m2/repository/org/jvnet/tiger-types/1.4/tiger-types-1.4.jar
7f5b0c05f000-7f5b0c064000 r--s 0002d000 08:02 5517440                    /home/kaciano/.m2/repository/org/glassfish/hk2/hk2-config/2.1.92/hk2-config-2.1.92.jar
7f5b0c064000-7f5b0c065000 r--s 00001000 08:02 5517425                    /home/kaciano/.m2/repository/org/glassfish/hk2/config-types/2.1.92/config-types-2.1.92.jar
7f5b0c065000-7f5b0c066000 r--s 00000000 08:02 5517471                    /home/kaciano/.m2/repository/org/glassfish/hk2/hk2/2.1.92/hk2-2.1.92.jar
7f5b0c066000-7f5b0c068000 r--s 00002000 08:02 5517460                    /home/kaciano/.m2/repository/org/glassfish/main/common/scattered-archive-api/4.0/scattered-archive-api-4.0.jar
7f5b0c068000-7f5b0c070000 r--s 00026000 08:02 5517503                    /home/kaciano/.m2/repository/org/glassfish/main/common/glassfish-api/4.0/glassfish-api-4.0.jar
7f5b0c070000-7f5b0c073000 r--s 00015000 08:02 5517431                    /home/kaciano/.m2/repository/org/glassfish/main/security/ejb.security/4.0/ejb.security-4.0.jar
7f5b0c073000-7f5b0c077000 r--s 000d3000 08:02 5517429                    /home/kaciano/.m2/repository/org/glassfish/main/external/libpam4j-repackaged/4.0/libpam4j-repackaged-4.0.jar
7f5b0c077000-7f5b0c079000 r--s 0000d000 08:02 5517456                    /home/kaciano/.m2/repository/org/glassfish/main/security/jaspic.provider.framework/4.0/jaspic.provider.framework-4.0.jar
7f5b0c079000-7f5b0c07a000 r--s 0000c000 08:02 5517435                    /home/kaciano/.m2/repository/javax/security/jacc/javax.security.jacc-api/1.5/javax.security.jacc-api-1.5.jar
7f5b0c07a000-7f5b0c07b000 r--s 00002000 08:02 5517495                    /home/kaciano/.m2/repository/org/glassfish/main/common/glassfish-ee-api/4.0/glassfish-ee-api-4.0.jar
7f5b0c07b000-7f5b0c082000 r--s 0004d000 08:02 5517444                    /home/kaciano/.m2/repository/org/glassfish/main/security/security-ee/4.0/security-ee-4.0.jar
7f5b0c082000-7f5b0c083000 r--s 00004000 08:02 5517450                    /home/kaciano/.m2/repository/org/glassfish/main/security/appclient.security/4.0/appclient.security-4.0.jar
7f5b0c083000-7f5b0c085000 r--s 00009000 08:02 5517445                    /home/kaciano/.m2/repository/org/glassfish/main/common/annotation-framework/4.0/annotation-framework-4.0.jar
7f5b0c085000-7f5b0c089000 r--s 00027000 08:02 5517443                    /home/kaciano/.m2/repository/org/glassfish/main/deployment/deployment-common/4.0/deployment-common-4.0.jar
7f5b0c089000-7f5b0c08c000 r--s 0000d000 08:02 5517406                    /home/kaciano/.m2/repository/javax/ejb/javax.ejb-api/3.2/javax.ejb-api-3.2.jar
7f5b0c08c000-7f5b0c090000 r--s 0000e000 08:02 5517486                    /home/kaciano/.m2/repository/javax/resource/javax.resource-api/1.7/javax.resource-api-1.7.jar
7f5b0c090000-7f5b0c096000 r--s 00022000 08:02 5385300                    /home/kaciano/.m2/repository/org/eclipse/persistence/javax.persistence/2.1.0/javax.persistence-2.1.0.jar
7f5b0c096000-7f5b0c099000 r--s 0000a000 08:02 5517414                    /home/kaciano/.m2/repository/javax/enterprise/deploy/javax.enterprise.deploy-api/1.6/javax.enterprise.deploy-api-1.6.jar
7f5b0c099000-7f5b0c09b000 r--s 00006000 08:02 5517468                    /home/kaciano/.m2/repository/javax/transaction/javax.transaction-api/1.2/javax.transaction-api-1.2.jar
7f5b0c09b000-7f5b0c0a9000 r--s 000ac000 08:02 5517469                    /home/kaciano/.m2/repository/org/glassfish/main/deployment/dol/4.0/dol-4.0.jar
7f5b0c0a9000-7f5b0c0ab000 r--s 00007000 08:02 5385310                    /home/kaciano/.m2/repository/org/glassfish/ha/ha-api/3.1.8/ha-api-3.1.8.jar
7f5b0c0ab000-7f5b0c0ae000 r--s 00016000 08:02 5517373                    /home/kaciano/.m2/repository/org/glassfish/main/connectors/connectors-internal-api/4.0/connectors-internal-api-4.0.jar
7f5b0c0ae000-7f5b0c0b1000 r--s 0000b000 08:02 5517462                    /home/kaciano/.m2/repository/org/glassfish/main/external/ldapbp-repackaged/4.0/ldapbp-repackaged-4.0.jar
7f5b0c0b1000-7f5b0c0b3000 r--s 00003000 08:02 5517375                    /home/kaciano/.m2/repository/org/glassfish/main/security/ssl-impl/4.0/ssl-impl-4.0.jar
7f5b0c0b3000-7f5b0c0bb000 r--s 0006d000 08:02 5517423                    /home/kaciano/.m2/repository/org/glassfish/main/security/security/4.0/security-4.0.jar
7f5b0c0bb000-7f5b0c0c3000 r--s 00078000 08:02 5384355                    /home/kaciano/.m2/repository/com/sun/mail/javax.mail/1.5.0/javax.mail-1.5.0.jar
7f5b0c0c3000-7f5b0c0c7000 r--s 00035000 08:02 5517434                    /home/kaciano/.m2/repository/org/codehaus/jackson/jackson-core-asl/1.9.11/jackson-core-asl-1.9.11.jar
7f5b0c0c7000-7f5b0c0cc000 r--s 00017000 08:02 5517427                    /home/kaciano/.m2/repository/org/glassfish/main/security/security-services/4.0/security-services-4.0.jar
7f5b0c0cc000-7f5b0c0d3000 r--s 0004d000 08:02 5517415                    /home/kaciano/.m2/repository/org/glassfish/main/admin/admin-util/4.0/admin-util-4.0.jar
7f5b0c0d3000-7f5b0c0df000 r--s 0007f000 08:02 5517399                    /home/kaciano/.m2/repository/org/glassfish/main/admin/config-api/4.0/config-api-4.0.jar
7f5b0c0df000-7f5b0c0e3000 r--s 0001d000 08:02 5517402                    /home/kaciano/.m2/repository/org/glassfish/main/common/internal-api/4.0/internal-api-4.0.jar
7f5b0c0e3000-7f5b0c0e6000 r--s 00015000 08:02 5517426                    /home/kaciano/.m2/repository/javax/servlet/javax.servlet-api/3.1.0/javax.servlet-api-3.1.0.jar
7f5b0c0e6000-7f5b0c0ed000 r--s 00027000 08:02 5517405                    /home/kaciano/.m2/repository/org/glassfish/main/common/container-common/4.0/container-common-4.0.jar
7f5b0c0ed000-7f5b0c0f1000 r--s 00011000 08:02 5517409                    /home/kaciano/.m2/repository/org/glassfish/main/common/stats77/4.0/stats77-4.0.jar
7f5b0c0f1000-7f5b0d000000 rw-p 00000000 00:00 0 
7f5b0d000000-7f5b0d270000 rwxp 00000000 00:00 0 
7f5b0d270000-7f5b10913000 rw-p 00000000 00:00 0 
7f5b10913000-7f5b14000000 ---p 00000000 00:00 0 
7f5b14000000-7f5b14002000 r--s 0000e000 08:02 5384357                    /home/kaciano/.m2/repository/javax/activation/activation/1.1/activation-1.1.jar
7f5b14002000-7f5b1400f000 r--s 000d8000 08:02 5517403                    /home/kaciano/.m2/repository/org/glassfish/main/ejb/ejb-container/4.0/ejb-container-4.0.jar
7f5b1400f000-7f5b14011000 r--s 00010000 08:02 5517412                    /home/kaciano/.m2/repository/org/glassfish/main/ejb/ejb-full-container/4.0/ejb-full-container-4.0.jar
7f5b14011000-7f5b1401b000 r--s 0006f000 08:02 5517398                    /home/kaciano/.m2/repository/org/glassfish/main/common/common-util/4.0/common-util-4.0.jar
7f5b1401b000-7f5b14022000 r--s 0003f000 08:02 5517389                    /home/kaciano/.m2/repository/org/glassfish/hk2/external/cglib/2.1.92/cglib-2.1.92.jar
7f5b14022000-7f5b14025000 r--s 00019000 08:02 5517376                    /home/kaciano/.m2/repository/org/glassfish/hk2/hk2-api/2.1.92/hk2-api-2.1.92.jar
7f5b14025000-7f5b1402a000 r--s 00047000 08:02 5517390                    /home/kaciano/.m2/repository/org/glassfish/hk2/external/asm-all-repackaged/2.1.92/asm-all-repackaged-2.1.92.jar
7f5b1402a000-7f5b1411a000 rw-p 00000000 00:00 0 
7f5b1411a000-7f5b142d6000 r--s 039b2000 08:02 1574746                    /opt/jdk1.7u45/jre/lib/rt.jar
7f5b142d6000-7f5b16668000 rw-p 00000000 00:00 0 
7f5b16668000-7f5b16669000 ---p 00000000 00:00 0 
7f5b16669000-7f5b16769000 rw-p 00000000 00:00 0                          [stack:19467]
7f5b16769000-7f5b1676a000 ---p 00000000 00:00 0 
7f5b1676a000-7f5b1686a000 rw-p 00000000 00:00 0                          [stack:19466]
7f5b1686a000-7f5b1686b000 ---p 00000000 00:00 0 
7f5b1686b000-7f5b1696b000 rw-p 00000000 00:00 0                          [stack:19465]
7f5b1696b000-7f5b1696c000 ---p 00000000 00:00 0 
7f5b1696c000-7f5b16a77000 rw-p 00000000 00:00 0                          [stack:19464]
7f5b16a77000-7f5b16a95000 rw-p 00000000 00:00 0 
7f5b16a95000-7f5b16aa9000 rw-p 00000000 00:00 0 
7f5b16aa9000-7f5b16bd5000 rw-p 00000000 00:00 0 
7f5b16bd5000-7f5b16be0000 rw-p 00000000 00:00 0 
7f5b16be0000-7f5b16bfe000 rw-p 00000000 00:00 0 
7f5b16bfe000-7f5b16c12000 rw-p 00000000 00:00 0 
7f5b16c12000-7f5b16d3e000 rw-p 00000000 00:00 0 
7f5b16d3e000-7f5b16d50000 rw-p 00000000 00:00 0 
7f5b16d50000-7f5b16dde000 rw-p 00000000 00:00 0 
7f5b16dde000-7f5b16ddf000 rw-p 00000000 00:00 0 
7f5b16ddf000-7f5b16df9000 r-xp 00000000 08:02 1575007                    /opt/jdk1.7u45/jre/lib/amd64/libzip.so
7f5b16df9000-7f5b16ff9000 ---p 0001a000 08:02 1575007                    /opt/jdk1.7u45/jre/lib/amd64/libzip.so
7f5b16ff9000-7f5b16ffa000 rw-p 0001a000 08:02 1575007                    /opt/jdk1.7u45/jre/lib/amd64/libzip.so
7f5b16ffa000-7f5b17006000 r-xp 00000000 08:02 1052613                    /lib/x86_64-linux-gnu/libnss_files-2.17.so
7f5b17006000-7f5b17205000 ---p 0000c000 08:02 1052613                    /lib/x86_64-linux-gnu/libnss_files-2.17.so
7f5b17205000-7f5b17206000 r--p 0000b000 08:02 1052613                    /lib/x86_64-linux-gnu/libnss_files-2.17.so
7f5b17206000-7f5b17207000 rw-p 0000c000 08:02 1052613                    /lib/x86_64-linux-gnu/libnss_files-2.17.so
7f5b17207000-7f5b17212000 r-xp 00000000 08:02 1052617                    /lib/x86_64-linux-gnu/libnss_nis-2.17.so
7f5b17212000-7f5b17411000 ---p 0000b000 08:02 1052617                    /lib/x86_64-linux-gnu/libnss_nis-2.17.so
7f5b17411000-7f5b17412000 r--p 0000a000 08:02 1052617                    /lib/x86_64-linux-gnu/libnss_nis-2.17.so
7f5b17412000-7f5b17413000 rw-p 0000b000 08:02 1052617                    /lib/x86_64-linux-gnu/libnss_nis-2.17.so
7f5b17413000-7f5b1742a000 r-xp 00000000 08:02 1052607                    /lib/x86_64-linux-gnu/libnsl-2.17.so
7f5b1742a000-7f5b17629000 ---p 00017000 08:02 1052607                    /lib/x86_64-linux-gnu/libnsl-2.17.so
7f5b17629000-7f5b1762a000 r--p 00016000 08:02 1052607                    /lib/x86_64-linux-gnu/libnsl-2.17.so
7f5b1762a000-7f5b1762b000 rw-p 00017000 08:02 1052607                    /lib/x86_64-linux-gnu/libnsl-2.17.so
7f5b1762b000-7f5b1762d000 rw-p 00000000 00:00 0 
7f5b1762d000-7f5b17635000 r-xp 00000000 08:02 1052609                    /lib/x86_64-linux-gnu/libnss_compat-2.17.so
7f5b17635000-7f5b17834000 ---p 00008000 08:02 1052609                    /lib/x86_64-linux-gnu/libnss_compat-2.17.so
7f5b17834000-7f5b17835000 r--p 00007000 08:02 1052609                    /lib/x86_64-linux-gnu/libnss_compat-2.17.so
7f5b17835000-7f5b17836000 rw-p 00008000 08:02 1052609                    /lib/x86_64-linux-gnu/libnss_compat-2.17.so
7f5b17836000-7f5b1785f000 r-xp 00000000 08:02 1574998                    /opt/jdk1.7u45/jre/lib/amd64/libjava.so
7f5b1785f000-7f5b17a5f000 ---p 00029000 08:02 1574998                    /opt/jdk1.7u45/jre/lib/amd64/libjava.so
7f5b17a5f000-7f5b17a61000 rw-p 00029000 08:02 1574998                    /opt/jdk1.7u45/jre/lib/amd64/libjava.so
7f5b17a61000-7f5b17a6e000 r-xp 00000000 08:02 1574987                    /opt/jdk1.7u45/jre/lib/amd64/libverify.so
7f5b17a6e000-7f5b17c6d000 ---p 0000d000 08:02 1574987                    /opt/jdk1.7u45/jre/lib/amd64/libverify.so
7f5b17c6d000-7f5b17c6f000 rw-p 0000c000 08:02 1574987                    /opt/jdk1.7u45/jre/lib/amd64/libverify.so
7f5b17c6f000-7f5b17c76000 r-xp 00000000 08:02 1052660                    /lib/x86_64-linux-gnu/librt-2.17.so
7f5b17c76000-7f5b17e75000 ---p 00007000 08:02 1052660                    /lib/x86_64-linux-gnu/librt-2.17.so
7f5b17e75000-7f5b17e76000 r--p 00006000 08:02 1052660                    /lib/x86_64-linux-gnu/librt-2.17.so
7f5b17e76000-7f5b17e77000 rw-p 00007000 08:02 1052660                    /lib/x86_64-linux-gnu/librt-2.17.so
7f5b17e77000-7f5b17f7a000 r-xp 00000000 08:02 1052588                    /lib/x86_64-linux-gnu/libm-2.17.so
7f5b17f7a000-7f5b18179000 ---p 00103000 08:02 1052588                    /lib/x86_64-linux-gnu/libm-2.17.so
7f5b18179000-7f5b1817a000 r--p 00102000 08:02 1052588                    /lib/x86_64-linux-gnu/libm-2.17.so
7f5b1817a000-7f5b1817b000 rw-p 00103000 08:02 1052588                    /lib/x86_64-linux-gnu/libm-2.17.so
7f5b1817b000-7f5b18cdd000 r-xp 00000000 08:02 1575005                    /opt/jdk1.7u45/jre/lib/amd64/server/libjvm.so
7f5b18cdd000-7f5b18edd000 ---p 00b62000 08:02 1575005                    /opt/jdk1.7u45/jre/lib/amd64/server/libjvm.so
7f5b18edd000-7f5b18fa0000 rw-p 00b62000 08:02 1575005                    /opt/jdk1.7u45/jre/lib/amd64/server/libjvm.so
7f5b18fa0000-7f5b18fe1000 rw-p 00000000 00:00 0 
7f5b18fe1000-7f5b1919e000 r-xp 00000000 08:02 1052537                    /lib/x86_64-linux-gnu/libc-2.17.so
7f5b1919e000-7f5b1939e000 ---p 001bd000 08:02 1052537                    /lib/x86_64-linux-gnu/libc-2.17.so
7f5b1939e000-7f5b193a2000 r--p 001bd000 08:02 1052537                    /lib/x86_64-linux-gnu/libc-2.17.so
7f5b193a2000-7f5b193a4000 rw-p 001c1000 08:02 1052537                    /lib/x86_64-linux-gnu/libc-2.17.so
7f5b193a4000-7f5b193a9000 rw-p 00000000 00:00 0 
7f5b193a9000-7f5b193ac000 r-xp 00000000 08:02 1052552                    /lib/x86_64-linux-gnu/libdl-2.17.so
7f5b193ac000-7f5b195ab000 ---p 00003000 08:02 1052552                    /lib/x86_64-linux-gnu/libdl-2.17.so
7f5b195ab000-7f5b195ac000 r--p 00002000 08:02 1052552                    /lib/x86_64-linux-gnu/libdl-2.17.so
7f5b195ac000-7f5b195ad000 rw-p 00003000 08:02 1052552                    /lib/x86_64-linux-gnu/libdl-2.17.so
7f5b195ad000-7f5b195c3000 r-xp 00000000 08:02 1573828                    /opt/jdk1.7u45/lib/amd64/jli/libjli.so
7f5b195c3000-7f5b197c3000 ---p 00016000 08:02 1573828                    /opt/jdk1.7u45/lib/amd64/jli/libjli.so
7f5b197c3000-7f5b197c4000 rw-p 00016000 08:02 1573828                    /opt/jdk1.7u45/lib/amd64/jli/libjli.so
7f5b197c4000-7f5b197db000 r-xp 00000000 08:02 1052652                    /lib/x86_64-linux-gnu/libpthread-2.17.so
7f5b197db000-7f5b199db000 ---p 00017000 08:02 1052652                    /lib/x86_64-linux-gnu/libpthread-2.17.so
7f5b199db000-7f5b199dc000 r--p 00017000 08:02 1052652                    /lib/x86_64-linux-gnu/libpthread-2.17.so
7f5b199dc000-7f5b199dd000 rw-p 00018000 08:02 1052652                    /lib/x86_64-linux-gnu/libpthread-2.17.so
7f5b199dd000-7f5b199e1000 rw-p 00000000 00:00 0 
7f5b199e1000-7f5b19a04000 r-xp 00000000 08:02 1052513                    /lib/x86_64-linux-gnu/ld-2.17.so
7f5b19a04000-7f5b19a06000 r--s 0000b000 08:02 5517397                    /home/kaciano/.m2/repository/org/glassfish/hk2/hk2-utils/2.1.92/hk2-utils-2.1.92.jar
7f5b19a06000-7f5b19a09000 r--s 0001d000 08:02 5517374                    /home/kaciano/.m2/repository/org/glassfish/hk2/hk2-locator/2.1.92/hk2-locator-2.1.92.jar
7f5b19a09000-7f5b19a0d000 r--s 0001a000 08:02 5517380                    /home/kaciano/.m2/repository/org/glassfish/hk2/core/2.1.92/core-2.1.92.jar
7f5b19a0d000-7f5b19a2c000 rw-p 00000000 00:00 0 
7f5b19a2c000-7f5b19ae2000 rw-p 00000000 00:00 0 
7f5b19ae2000-7f5b19ae5000 ---p 00000000 00:00 0 
7f5b19ae5000-7f5b19be7000 rw-p 00000000 00:00 0                          [stack:19463]
7f5b19be7000-7f5b19be8000 r--s 00004000 08:02 5517393                    /home/kaciano/.m2/repository/org/glassfish/hk2/osgi-resource-locator/1.0.1/osgi-resource-locator-1.0.1.jar
7f5b19be8000-7f5b19be9000 r--s 00001000 08:02 5517378                    /home/kaciano/.m2/repository/org/glassfish/hk2/external/javax.inject/2.1.92/javax.inject-2.1.92.jar
7f5b19be9000-7f5b19bf6000 r--s 0019a000 08:02 5517368                    /home/kaciano/.m2/repository/org/glassfish/main/appclient/gf-client-module/4.0/gf-client-module-4.0.jar
7f5b19bf6000-7f5b19bf7000 r--s 00005000 08:02 5517379                    /home/kaciano/.m2/repository/org/glassfish/main/appclient/gf-client/4.0/gf-client-4.0.jar
7f5b19bf7000-7f5b19bff000 rw-s 00000000 08:02 2233024                    /tmp/hsperfdata_kaciano/19459
7f5b19bff000-7f5b19c00000 rw-p 00000000 00:00 0 
7f5b19c00000-7f5b19c01000 r--p 00000000 00:00 0 
7f5b19c01000-7f5b19c03000 rw-p 00000000 00:00 0 
7f5b19c03000-7f5b19c04000 r--p 00022000 08:02 1052513                    /lib/x86_64-linux-gnu/ld-2.17.so
7f5b19c04000-7f5b19c06000 rw-p 00023000 08:02 1052513                    /lib/x86_64-linux-gnu/ld-2.17.so
7fff6d582000-7fff6d5a7000 rw-p 00000000 00:00 0                          [stack]
7fff6d5fe000-7fff6d600000 r-xp 00000000 00:00 0                          [vdso]
ffffffffff600000-ffffffffff601000 r-xp 00000000 00:00 0                  [vsyscall]

VM Arguments:
java_command: br.com.gmp.desktop.app.VisualApp
Launcher Type: SUN_STANDARD

Environment Variables:
JAVA_HOME=/opt/jdk1.7u45
PATH=/usr/local/sbin:/usr/local/bin:/usr/sbin:/usr/bin:/sbin:/bin:/usr/games:/usr/local/games
USERNAME=kaciano
LD_LIBRARY_PATH=/opt/jdk1.7u45/jre/lib/amd64:/opt/jdk1.7u45/jre/lib/i386:
SHELL=/bin/bash
DISPLAY=:0

Signal Handlers:
SIGSEGV: [libjvm.so+0x9935b0], sa_mask[0]=0x7ffbfeff, sa_flags=0x10000004
SIGBUS: [libjvm.so+0x9935b0], sa_mask[0]=0x7ffbfeff, sa_flags=0x10000004
SIGFPE: [libjvm.so+0x810330], sa_mask[0]=0x7ffbfeff, sa_flags=0x10000004
SIGPIPE: [libjvm.so+0x810330], sa_mask[0]=0x7ffbfeff, sa_flags=0x10000004
SIGXFSZ: [libjvm.so+0x810330], sa_mask[0]=0x7ffbfeff, sa_flags=0x10000004
SIGILL: [libjvm.so+0x810330], sa_mask[0]=0x7ffbfeff, sa_flags=0x10000004
SIGUSR1: SIG_DFL, sa_mask[0]=0x00000000, sa_flags=0x00000000
SIGUSR2: [libjvm.so+0x811820], sa_mask[0]=0x00000004, sa_flags=0x10000004
SIGHUP: [libjvm.so+0x812790], sa_mask[0]=0x7ffbfeff, sa_flags=0x10000004
SIGINT: SIG_IGN, sa_mask[0]=0x00000000, sa_flags=0x00000000
SIGTERM: [libjvm.so+0x812790], sa_mask[0]=0x7ffbfeff, sa_flags=0x10000004
SIGQUIT: [libjvm.so+0x812790], sa_mask[0]=0x7ffbfeff, sa_flags=0x10000004


---------------  S Y S T E M  ---------------

OS:wheezy/sid

uname:Linux 3.11.0-12-generic #19-Ubuntu SMP Wed Oct 9 16:20:46 UTC 2013 x86_64
libc:glibc 2.17 NPTL 2.17 
rlimit: STACK 8192k, CORE 0k, NPROC 29080, NOFILE 4096, AS infinity
load average:0,72 0,66 0,66

/proc/meminfo:
MemTotal:        3931680 kB
MemFree:          150848 kB
Buffers:           75012 kB
Cached:          1411588 kB
SwapCached:         3328 kB
Active:          2299144 kB
Inactive:        1221304 kB
Active(anon):    1700400 kB
Inactive(anon):   641208 kB
Active(file):     598744 kB
Inactive(file):   580096 kB
Unevictable:         128 kB
Mlocked:             128 kB
SwapTotal:       7812092 kB
SwapFree:        7798140 kB
Dirty:              3128 kB
Writeback:             0 kB
AnonPages:       2030948 kB
Mapped:           251624 kB
Shmem:            307540 kB
Slab:             166116 kB
SReclaimable:     134380 kB
SUnreclaim:        31736 kB
KernelStack:        4584 kB
PageTables:        34388 kB
NFS_Unstable:          0 kB
Bounce:                0 kB
WritebackTmp:          0 kB
CommitLimit:     9777932 kB
Committed_AS:    5689272 kB
VmallocTotal:   34359738367 kB
VmallocUsed:      431276 kB
VmallocChunk:   34359301116 kB
HardwareCorrupted:     0 kB
AnonHugePages:         0 kB
HugePages_Total:       0
HugePages_Free:        0
HugePages_Rsvd:        0
HugePages_Surp:        0
Hugepagesize:       2048 kB
DirectMap4k:       88280 kB
DirectMap2M:     4061184 kB


CPU:total 4 (2 cores per cpu, 2 threads per core) family 6 model 58 stepping 9, cmov, cx8, fxsr, mmx, sse, sse2, sse3, ssse3, sse4.1, sse4.2, popcnt, avx, aes, erms, ht, tsc, tscinvbit, tscinv

/proc/cpuinfo:
processor	: 0
vendor_id	: GenuineIntel
cpu family	: 6
model		: 58
model name	: Intel(R) Core(TM) i5-3210M CPU @ 2.50GHz
stepping	: 9
microcode	: 0x12
cpu MHz		: 2501.000
cache size	: 3072 KB
physical id	: 0
siblings	: 4
core id		: 0
cpu cores	: 2
apicid		: 0
initial apicid	: 0
fpu		: yes
fpu_exception	: yes
cpuid level	: 13
wp		: yes
flags		: fpu vme de pse tsc msr pae mce cx8 apic sep mtrr pge mca cmov pat pse36 clflush dts acpi mmx fxsr sse sse2 ss ht tm pbe syscall nx rdtscp lm constant_tsc arch_perfmon pebs bts rep_good nopl xtopology nonstop_tsc aperfmperf eagerfpu pni pclmulqdq dtes64 monitor ds_cpl vmx est tm2 ssse3 cx16 xtpr pdcm pcid sse4_1 sse4_2 x2apic popcnt tsc_deadline_timer aes xsave avx f16c rdrand lahf_lm ida arat epb xsaveopt pln pts dtherm tpr_shadow vnmi flexpriority ept vpid fsgsbase smep erms
bogomips	: 4988.78
clflush size	: 64
cache_alignment	: 64
address sizes	: 36 bits physical, 48 bits virtual
power management:

processor	: 1
vendor_id	: GenuineIntel
cpu family	: 6
model		: 58
model name	: Intel(R) Core(TM) i5-3210M CPU @ 2.50GHz
stepping	: 9
microcode	: 0x12
cpu MHz		: 2500.000
cache size	: 3072 KB
physical id	: 0
siblings	: 4
core id		: 1
cpu cores	: 2
apicid		: 2
initial apicid	: 2
fpu		: yes
fpu_exception	: yes
cpuid level	: 13
wp		: yes
flags		: fpu vme de pse tsc msr pae mce cx8 apic sep mtrr pge mca cmov pat pse36 clflush dts acpi mmx fxsr sse sse2 ss ht tm pbe syscall nx rdtscp lm constant_tsc arch_perfmon pebs bts rep_good nopl xtopology nonstop_tsc aperfmperf eagerfpu pni pclmulqdq dtes64 monitor ds_cpl vmx est tm2 ssse3 cx16 xtpr pdcm pcid sse4_1 sse4_2 x2apic popcnt tsc_deadline_timer aes xsave avx f16c rdrand lahf_lm ida arat epb xsaveopt pln pts dtherm tpr_shadow vnmi flexpriority ept vpid fsgsbase smep erms
bogomips	: 4988.78
clflush size	: 64
cache_alignment	: 64
address sizes	: 36 bits physical, 48 bits virtual
power management:

processor	: 2
vendor_id	: GenuineIntel
cpu family	: 6
model		: 58
model name	: Intel(R) Core(TM) i5-3210M CPU @ 2.50GHz
stepping	: 9
microcode	: 0x12
cpu MHz		: 2501.000
cache size	: 3072 KB
physical id	: 0
siblings	: 4
core id		: 0
cpu cores	: 2
apicid		: 1
initial apicid	: 1
fpu		: yes
fpu_exception	: yes
cpuid level	: 13
wp		: yes
flags		: fpu vme de pse tsc msr pae mce cx8 apic sep mtrr pge mca cmov pat pse36 clflush dts acpi mmx fxsr sse sse2 ss ht tm pbe syscall nx rdtscp lm constant_tsc arch_perfmon pebs bts rep_good nopl xtopology nonstop_tsc aperfmperf eagerfpu pni pclmulqdq dtes64 monitor ds_cpl vmx est tm2 ssse3 cx16 xtpr pdcm pcid sse4_1 sse4_2 x2apic popcnt tsc_deadline_timer aes xsave avx f16c rdrand lahf_lm ida arat epb xsaveopt pln pts dtherm tpr_shadow vnmi flexpriority ept vpid fsgsbase smep erms
bogomips	: 4988.78
clflush size	: 64
cache_alignment	: 64
address sizes	: 36 bits physical, 48 bits virtual
power management:

processor	: 3
vendor_id	: GenuineIntel
cpu family	: 6
model		: 58
model name	: Intel(R) Core(TM) i5-3210M CPU @ 2.50GHz
stepping	: 9
microcode	: 0x12
cpu MHz		: 2501.000
cache size	: 3072 KB
physical id	: 0
siblings	: 4
core id		: 1
cpu cores	: 2
apicid		: 3
initial apicid	: 3
fpu		: yes
fpu_exception	: yes
cpuid level	: 13
wp		: yes
flags		: fpu vme de pse tsc msr pae mce cx8 apic sep mtrr pge mca cmov pat pse36 clflush dts acpi mmx fxsr sse sse2 ss ht tm pbe syscall nx rdtscp lm constant_tsc arch_perfmon pebs bts rep_good nopl xtopology nonstop_tsc aperfmperf eagerfpu pni pclmulqdq dtes64 monitor ds_cpl vmx est tm2 ssse3 cx16 xtpr pdcm pcid sse4_1 sse4_2 x2apic popcnt tsc_deadline_timer aes xsave avx f16c rdrand lahf_lm ida arat epb xsaveopt pln pts dtherm tpr_shadow vnmi flexpriority ept vpid fsgsbase smep erms
bogomips	: 4988.78
clflush size	: 64
cache_alignment	: 64
address sizes	: 36 bits physical, 48 bits virtual
power management:



Memory: 4k page, physical 3931680k(150848k free), swap 7812092k(7798140k free)

vm_info: Java HotSpot(TM) 64-Bit Server VM (24.45-b08) for linux-amd64 JRE (1.7.0_45-b18), built on Oct  8 2013 05:44:25 by "java_re" with gcc 4.3.0 20080428 (Red Hat 4.3.0-8)

time: Wed Feb  5 10:15:15 2014
elapsed time: 1 seconds

