#
# A fatal error has been detected by the Java Runtime Environment:
#
#  SIGSEGV (0xb) at pc=0x00007f76603c9320, pid=20168, tid=140146435434240
#
# JRE version: Java(TM) SE Runtime Environment (7.0_45-b18) (build 1.7.0_45-b18)
# Java VM: Java HotSpot(TM) 64-Bit Server VM (24.45-b08 mixed mode linux-amd64 compressed oops)
# Problematic frame:
# C  0x00007f76603c9320
#
# Failed to write core dump. Core dumps have been disabled. To enable core dumping, try "ulimit -c unlimited" before starting Java again
#
# If you would like to submit a bug report, please visit:
#   http://bugreport.sun.com/bugreport/crash.jsp
#

---------------  T H R E A D  ---------------

Current thread is native thread

siginfo:si_signo=SIGSEGV: si_errno=0, si_code=1 (SEGV_MAPERR), si_addr=0x00007f76603c9320

Registers:
RAX=0x00007f76603c9320, RBX=0x00007f7662802a38, RCX=0x0000000000000001, RDX=0x0000000000000001
RSP=0x00007f7662801e68, RBP=0x00007f767b773308, RSI=0x00007f7662802700, RDI=0x00007f762403c310
R8 =0x0000000000000000, R9 =0x0000000000004edc, R10=0x0000000000000008, R11=0x0000000000000246
R12=0x000000000000001e, R13=0x0000000000000000, R14=0x00007f767b7732e0, R15=0x0000000000000004
RIP=0x00007f76603c9320, EFLAGS=0x0000000000010202, CSGSFS=0x0000000000000033, ERR=0x0000000000000014
  TRAPNO=0x000000000000000e

Top of Stack: (sp=0x00007f7662801e68)
0x00007f7662801e68:   00007f767b562d72 0000000000000000
0x00007f7662801e78:   0000000000000000 0000000000000000
0x00007f7662801e88:   0000000000000000 00007f767b99b060
0x00007f7662801e98:   00007f767b978580 0000000000000000
0x00007f7662801ea8:   00007f767b562f7c 0000000000000000
0x00007f7662801eb8:   00007f7662802700 00007f7662802700
0x00007f7662801ec8:   f2ed5d1a136eac7c 0000000000000000
0x00007f7662801ed8:   00007f767b99b060 00007f767b978580
0x00007f7662801ee8:   0000000000000000 0c01981a2e0eac7c
0x00007f7662801ef8:   0c01abb64d00ac7c 0000000000000000
0x00007f7662801f08:   0000000000000000 0000000000000000
0x00007f7662801f18:   0000000000000000 0000000000000000
0x00007f7662801f28:   0000000000000000 0000000000000000
0x00007f7662801f38:   0000000000000000 0000000000000000
0x00007f7662801f48:   0000000000000000 0000000000000000
0x00007f7662801f58:   0000000000000000 0000000000000000
0x00007f7662801f68:   0000000000000000 0000000000000000
0x00007f7662801f78:   0000000000000000 0000000000000000
0x00007f7662801f88:   0000000000000000 0000000000000000
0x00007f7662801f98:   0000000000000000 0000000000000000
0x00007f7662801fa8:   0000000000000000 00007f7662802700
0x00007f7662801fb8:   00007f767ae729cd 0000000000000000
0x00007f7662801fc8:   0000000000000000 0000000000000000
0x00007f7662801fd8:   0000000000000000 0000000000000000
0x00007f7662801fe8:   0000000000000000 0000000000000000
0x00007f7662801ff8:   0000000000000000 0000000000000000
0x00007f7662802008:   0000000000000000 0000000000000000
0x00007f7662802018:   0000000000000000 0000000000000000
0x00007f7662802028:   0000000000000000 0000000000000000
0x00007f7662802038:   0000000000000000 0000000000000000
0x00007f7662802048:   0000000000000000 0000000000000000
0x00007f7662802058:   0000000000000000 0000000000000000 

Instructions: (pc=0x00007f76603c9320)
0x00007f76603c9300:   
[error occurred during error reporting (printing registers, top of stack, instructions near pc), id 0xb]

Register to memory mapping:

RAX=0x00007f76603c9320 is an unknown value
RBX=0x00007f7662802a38 is an unknown value
RCX=0x0000000000000001 is an unknown value
RDX=0x0000000000000001 is an unknown value
RSP=0x00007f7662801e68 is an unknown value
RBP=0x00007f767b773308: <offset 0x218308> in /lib/x86_64-linux-gnu/libpthread.so.0 at 0x00007f767b55b000
RSI=0x00007f7662802700 is an unknown value
RDI=0x00007f762403c310 is an unknown value
R8 =0x0000000000000000 is an unknown value
R9 =0x0000000000004edc is an unknown value
R10=0x0000000000000008 is an unknown value
R11=0x0000000000000246 is an unknown value
R12=0x000000000000001e is an unknown value
R13=0x0000000000000000 is an unknown value
R14=0x00007f767b7732e0: <offset 0x2182e0> in /lib/x86_64-linux-gnu/libpthread.so.0 at 0x00007f767b55b000
R15=0x0000000000000004 is an unknown value


Stack: [0x00007f7662702000,0x00007f7662803000],  sp=0x00007f7662801e68,  free space=1023k
Native frames: (J=compiled Java code, j=interpreted, Vv=VM code, C=native code)
C  0x00007f76603c9320


---------------  P R O C E S S  ---------------

VM state:not at safepoint (normal execution)

VM Mutex/Monitor currently owned by a thread:  ([mutex/lock_event])
[0x00007f767400e880] Threads_lock - owner thread: 0x00007f7674012000

Heap
 PSYoungGen      total 17920K, used 6513K [0x00000000ec000000, 0x00000000ed400000, 0x0000000100000000)
  eden space 15360K, 25% used [0x00000000ec000000,0x00000000ec3e4240,0x00000000ecf00000)
  from space 2560K, 98% used [0x00000000ecf00000,0x00000000ed178548,0x00000000ed180000)
  to   space 2560K, 0% used [0x00000000ed180000,0x00000000ed180000,0x00000000ed400000)
 ParOldGen       total 40960K, used 1234K [0x00000000c4000000, 0x00000000c6800000, 0x00000000ec000000)
  object space 40960K, 3% used [0x00000000c4000000,0x00000000c41349a8,0x00000000c6800000)
 PSPermGen       total 21504K, used 11901K [0x00000000bee00000, 0x00000000c0300000, 0x00000000c4000000)
  object space 21504K, 55% used [0x00000000bee00000,0x00000000bf99f540,0x00000000c0300000)

Card table byte_map: [0x00007f767896c000,0x00007f7678b76000] byte_map_base: 0x00007f7678375000

Polling page: 0x00007f767b997000

Code Cache  [0x00007f7671000000, 0x00007f7671270000, 0x00007f7674000000)
 total_blobs=551 nmethods=88 adapters=416 free_code_cache=48420Kb largest_free_block=49566656

Compilation events (10 events):
Event: 1,099 Thread 0x00007f767409c000   84             java.util.Hashtable::rehash (168 bytes)
Event: 1,103 Thread 0x00007f767409c000 nmethod 84 0x00007f76710a7690 code [0x00007f76710a7820, 0x00007f76710a7c28]
Event: 1,108 Thread 0x00007f7674099800   85             java.util.HashMap::getEntry (86 bytes)
Event: 1,110 Thread 0x00007f767409c000   86             java.util.HashMap::get (29 bytes)
Event: 1,113 Thread 0x00007f7674099800 nmethod 85 0x00007f76710a0010 code [0x00007f76710a0180, 0x00007f76710a0388]
Event: 1,113 Thread 0x00007f7674099800   87             java.lang.Float::compare (46 bytes)
Event: 1,113 Thread 0x00007f767409c000 nmethod 86 0x00007f767109fa50 code [0x00007f767109fbc0, 0x00007f767109fdd8]
Event: 1,113 Thread 0x00007f7674099800 nmethod 87 0x00007f767109f790 code [0x00007f767109f8c0, 0x00007f767109f958]
Event: 1,176 Thread 0x00007f767409c000   88             java.lang.String::toCharArray (25 bytes)
Event: 1,179 Thread 0x00007f767409c000 nmethod 88 0x00007f76710ba910 code [0x00007f76710baa60, 0x00007f76710bab98]

GC Heap History (6 events):
Event: 0,275 GC heap before
{Heap before GC invocations=1 (full 0):
 PSYoungGen      total 17920K, used 15360K [0x00000000ec000000, 0x00000000ed400000, 0x0000000100000000)
  eden space 15360K, 100% used [0x00000000ec000000,0x00000000ecf00000,0x00000000ecf00000)
  from space 2560K, 0% used [0x00000000ed180000,0x00000000ed180000,0x00000000ed400000)
  to   space 2560K, 0% used [0x00000000ecf00000,0x00000000ecf00000,0x00000000ed180000)
 ParOldGen       total 40960K, used 0K [0x00000000c4000000, 0x00000000c6800000, 0x00000000ec000000)
  object space 40960K, 0% used [0x00000000c4000000,0x00000000c4000000,0x00000000c6800000)
 PSPermGen       total 21504K, used 3110K [0x00000000bee00000, 0x00000000c0300000, 0x00000000c4000000)
  object space 21504K, 14% used [0x00000000bee00000,0x00000000bf109a18,0x00000000c0300000)
Event: 0,277 GC heap after
Heap after GC invocations=1 (full 0):
 PSYoungGen      total 17920K, used 1879K [0x00000000ec000000, 0x00000000ed400000, 0x0000000100000000)
  eden space 15360K, 0% used [0x00000000ec000000,0x00000000ec000000,0x00000000ecf00000)
  from space 2560K, 73% used [0x00000000ecf00000,0x00000000ed0d5f98,0x00000000ed180000)
  to   space 2560K, 0% used [0x00000000ed180000,0x00000000ed180000,0x00000000ed400000)
 ParOldGen       total 40960K, used 8K [0x00000000c4000000, 0x00000000c6800000, 0x00000000ec000000)
  object space 40960K, 0% used [0x00000000c4000000,0x00000000c4002000,0x00000000c6800000)
 PSPermGen       total 21504K, used 3110K [0x00000000bee00000, 0x00000000c0300000, 0x00000000c4000000)
  object space 21504K, 14% used [0x00000000bee00000,0x00000000bf109a18,0x00000000c0300000)
}
Event: 0,410 GC heap before
{Heap before GC invocations=2 (full 0):
 PSYoungGen      total 17920K, used 17239K [0x00000000ec000000, 0x00000000ed400000, 0x0000000100000000)
  eden space 15360K, 100% used [0x00000000ec000000,0x00000000ecf00000,0x00000000ecf00000)
  from space 2560K, 73% used [0x00000000ecf00000,0x00000000ed0d5f98,0x00000000ed180000)
  to   space 2560K, 0% used [0x00000000ed180000,0x00000000ed180000,0x00000000ed400000)
 ParOldGen       total 40960K, used 8K [0x00000000c4000000, 0x00000000c6800000, 0x00000000ec000000)
  object space 40960K, 0% used [0x00000000c4000000,0x00000000c4002000,0x00000000c6800000)
 PSPermGen       total 21504K, used 3156K [0x00000000bee00000, 0x00000000c0300000, 0x00000000c4000000)
  object space 21504K, 14% used [0x00000000bee00000,0x00000000bf1151c8,0x00000000c0300000)
Event: 0,411 GC heap after
Heap after GC invocations=2 (full 0):
 PSYoungGen      total 17920K, used 2447K [0x00000000ec000000, 0x00000000ee300000, 0x0000000100000000)
  eden space 15360K, 0% used [0x00000000ec000000,0x00000000ec000000,0x00000000ecf00000)
  from space 2560K, 95% used [0x00000000ed180000,0x00000000ed3e3fe0,0x00000000ed400000)
  to   space 2560K, 0% used [0x00000000ecf00000,0x00000000ecf00000,0x00000000ed180000)
 ParOldGen       total 40960K, used 16K [0x00000000c4000000, 0x00000000c6800000, 0x00000000ec000000)
  object space 40960K, 0% used [0x00000000c4000000,0x00000000c4004000,0x00000000c6800000)
 PSPermGen       total 21504K, used 3156K [0x00000000bee00000, 0x00000000c0300000, 0x00000000c4000000)
  object space 21504K, 14% used [0x00000000bee00000,0x00000000bf1151c8,0x00000000c0300000)
}
Event: 1,007 GC heap before
{Heap before GC invocations=3 (full 0):
 PSYoungGen      total 17920K, used 17807K [0x00000000ec000000, 0x00000000ee300000, 0x0000000100000000)
  eden space 15360K, 100% used [0x00000000ec000000,0x00000000ecf00000,0x00000000ecf00000)
  from space 2560K, 95% used [0x00000000ed180000,0x00000000ed3e3fe0,0x00000000ed400000)
  to   space 2560K, 0% used [0x00000000ecf00000,0x00000000ecf00000,0x00000000ed180000)
 ParOldGen       total 40960K, used 16K [0x00000000c4000000, 0x00000000c6800000, 0x00000000ec000000)
  object space 40960K, 0% used [0x00000000c4000000,0x00000000c4004000,0x00000000c6800000)
 PSPermGen       total 21504K, used 9139K [0x00000000bee00000, 0x00000000c0300000, 0x00000000c4000000)
  object space 21504K, 42% used [0x00000000bee00000,0x00000000bf6ece58,0x00000000c0300000)
Event: 1,012 GC heap after
Heap after GC invocations=3 (full 0):
 PSYoungGen      total 17920K, used 2529K [0x00000000ec000000, 0x00000000ed400000, 0x0000000100000000)
  eden space 15360K, 0% used [0x00000000ec000000,0x00000000ec000000,0x00000000ecf00000)
  from space 2560K, 98% used [0x00000000ecf00000,0x00000000ed178548,0x00000000ed180000)
  to   space 2560K, 0% used [0x00000000ed180000,0x00000000ed180000,0x00000000ed400000)
 ParOldGen       total 40960K, used 1234K [0x00000000c4000000, 0x00000000c6800000, 0x00000000ec000000)
  object space 40960K, 3% used [0x00000000c4000000,0x00000000c41349a8,0x00000000c6800000)
 PSPermGen       total 21504K, used 9139K [0x00000000bee00000, 0x00000000c0300000, 0x00000000c4000000)
  object space 21504K, 42% used [0x00000000bee00000,0x00000000bf6ece58,0x00000000c0300000)
}

Deoptimization events (10 events):
Event: 0,459 Thread 0x00007f7674012000 Uncommon trap: reason=class_check action=maybe_recompile pc=0x00007f76710713d8 method=java.net.URL.<init>(Ljava/net/URL;Ljava/lang/String;Ljava/net/URLStreamHandler;)V @ 504
Event: 0,462 Thread 0x00007f7674012000 Uncommon trap: reason=class_check action=maybe_recompile pc=0x00007f76710713d8 method=java.net.URL.<init>(Ljava/net/URL;Ljava/lang/String;Ljava/net/URLStreamHandler;)V @ 504
Event: 0,463 Thread 0x00007f7674012000 Uncommon trap: reason=class_check action=maybe_recompile pc=0x00007f76710713d8 method=java.net.URL.<init>(Ljava/net/URL;Ljava/lang/String;Ljava/net/URLStreamHandler;)V @ 504
Event: 0,617 Thread 0x00007f7674012000 Uncommon trap: reason=null_check action=make_not_entrant pc=0x00007f767106f720 method=java.lang.String.equals(Ljava/lang/Object;)Z @ 8
Event: 0,642 Thread 0x00007f7674012000 Uncommon trap: reason=class_check action=maybe_recompile pc=0x00007f7671083eb4 method=java.util.Properties$LineReader.readLine()I @ 62
Event: 0,643 Thread 0x00007f7674012000 Uncommon trap: reason=class_check action=maybe_recompile pc=0x00007f7671083eb4 method=java.util.Properties$LineReader.readLine()I @ 62
Event: 0,645 Thread 0x00007f7674012000 Uncommon trap: reason=class_check action=maybe_recompile pc=0x00007f7671083eb4 method=java.util.Properties$LineReader.readLine()I @ 62
Event: 0,646 Thread 0x00007f7674012000 Uncommon trap: reason=class_check action=maybe_recompile pc=0x00007f7671083eb4 method=java.util.Properties$LineReader.readLine()I @ 62
Event: 0,805 Thread 0x00007f76748f9800 Uncommon trap: reason=unreached action=reinterpret pc=0x00007f76710633c0 method=java.lang.AbstractStringBuilder.append(Ljava/lang/String;)Ljava/lang/AbstractStringBuilder; @ 1
Event: 0,806 Thread 0x00007f76748f9800 Uncommon trap: reason=unreached action=reinterpret pc=0x00007f7671067b3c method=java.lang.AbstractStringBuilder.append(Ljava/lang/String;)Ljava/lang/AbstractStringBuilder; @ 1

Internal exceptions (10 events):
Event: 1,104 Thread 0x00007f76748f9800 Threw 0x00000000ec25dd98 at /HUDSON/workspace/7u-2-build-linux-amd64/jdk7u45/229/hotspot/src/share/vm/prims/jvm.cpp:1244
Event: 1,132 Thread 0x00007f76748f9800 Threw 0x00000000ec29e0d0 at /HUDSON/workspace/7u-2-build-linux-amd64/jdk7u45/229/hotspot/src/share/vm/prims/jvm.cpp:1244
Event: 1,134 Thread 0x00007f76748f9800 Threw 0x00000000ec2a0908 at /HUDSON/workspace/7u-2-build-linux-amd64/jdk7u45/229/hotspot/src/share/vm/prims/jvm.cpp:1244
Event: 1,136 Thread 0x00007f76748f9800 Threw 0x00000000ec2a2f80 at /HUDSON/workspace/7u-2-build-linux-amd64/jdk7u45/229/hotspot/src/share/vm/prims/jvm.cpp:1244
Event: 1,138 Thread 0x00007f76748f9800 Threw 0x00000000ec2a5880 at /HUDSON/workspace/7u-2-build-linux-amd64/jdk7u45/229/hotspot/src/share/vm/prims/jvm.cpp:1244
Event: 1,163 Thread 0x00007f76748f9800 Threw 0x00000000ec2fa138 at /HUDSON/workspace/7u-2-build-linux-amd64/jdk7u45/229/hotspot/src/share/vm/prims/jvm.cpp:1244
Event: 1,169 Thread 0x00007f76748f9800 Threw 0x00000000ec2fd5e8 at /HUDSON/workspace/7u-2-build-linux-amd64/jdk7u45/229/hotspot/src/share/vm/prims/jvm.cpp:1244
Event: 1,171 Thread 0x00007f76748f9800 Threw 0x00000000ec30e9a0 at /HUDSON/workspace/7u-2-build-linux-amd64/jdk7u45/229/hotspot/src/share/vm/prims/jvm.cpp:1244
Event: 1,173 Thread 0x00007f76748f9800 Threw 0x00000000ec3740d8 at /HUDSON/workspace/7u-2-build-linux-amd64/jdk7u45/229/hotspot/src/share/vm/prims/jvm.cpp:1244
Event: 1,177 Thread 0x00007f76748f9800 Threw 0x00000000ec393688 at /HUDSON/workspace/7u-2-build-linux-amd64/jdk7u45/229/hotspot/src/share/vm/prims/jvm.cpp:1248

Events (10 events):
Event: 1,177 loading class 0x00007f7678183010 done
Event: 1,177 loading class 0x00007f7678182da0 done
Event: 1,177 loading class 0x00007f7648106890
Event: 1,178 loading class 0x00007f7648106890 done
Event: 2,181 loading class 0x00007f7648106280
Event: 2,181 loading class 0x00007f7648106280 done
Event: 2,181 loading class 0x00007f763c0d1bb0
Event: 2,181 loading class 0x00007f763c0d1bb0 done
Event: 2,181 Thread 0x00007f76748f8000 Thread exited: 0x00007f76748f8000
Event: 2,182 Thread 0x00007f76748f9800 Thread exited: 0x00007f76748f9800


Dynamic libraries:
00400000-00401000 r-xp 00000000 08:02 1574217                            /opt/jdk1.7u45/bin/java
00600000-00601000 rw-p 00000000 08:02 1574217                            /opt/jdk1.7u45/bin/java
01bcf000-01bf0000 rw-p 00000000 00:00 0                                  [heap]
bee00000-c0300000 rw-p 00000000 00:00 0 
c0300000-c4000000 rw-p 00000000 00:00 0 
c4000000-c6800000 rw-p 00000000 00:00 0 
c6800000-ec000000 rw-p 00000000 00:00 0 
ec000000-ed400000 rw-p 00000000 00:00 0 
ed400000-ee300000 ---p 00000000 00:00 0 
ee300000-100000000 rw-p 00000000 00:00 0 
7f7624000000-7f76240e0000 rw-p 00000000 00:00 0 
7f76240e0000-7f7628000000 ---p 00000000 00:00 0 
7f7628000000-7f7628038000 rw-p 00000000 00:00 0 
7f7628038000-7f762c000000 ---p 00000000 00:00 0 
7f762c000000-7f762c021000 rw-p 00000000 00:00 0 
7f762c021000-7f7630000000 ---p 00000000 00:00 0 
7f7630000000-7f7630021000 rw-p 00000000 00:00 0 
7f7630021000-7f7634000000 ---p 00000000 00:00 0 
7f7634000000-7f7634021000 rw-p 00000000 00:00 0 
7f7634021000-7f7638000000 ---p 00000000 00:00 0 
7f7638000000-7f7638021000 rw-p 00000000 00:00 0 
7f7638021000-7f763c000000 ---p 00000000 00:00 0 
7f763c000000-7f763c3ea000 rw-p 00000000 00:00 0 
7f763c3ea000-7f7640000000 ---p 00000000 00:00 0 
7f7640000000-7f7640021000 rw-p 00000000 00:00 0 
7f7640021000-7f7644000000 ---p 00000000 00:00 0 
7f7644000000-7f7644021000 rw-p 00000000 00:00 0 
7f7644021000-7f7648000000 ---p 00000000 00:00 0 
7f7648000000-7f764845d000 rw-p 00000000 00:00 0 
7f764845d000-7f764c000000 ---p 00000000 00:00 0 
7f764c000000-7f764c021000 rw-p 00000000 00:00 0 
7f764c021000-7f7650000000 ---p 00000000 00:00 0 
7f7650000000-7f7650021000 rw-p 00000000 00:00 0 
7f7650021000-7f7654000000 ---p 00000000 00:00 0 
7f7654000000-7f7654021000 rw-p 00000000 00:00 0 
7f7654021000-7f7658000000 ---p 00000000 00:00 0 
7f7658000000-7f7658021000 rw-p 00000000 00:00 0 
7f7658021000-7f765c000000 ---p 00000000 00:00 0 
7f765c000000-7f765c021000 rw-p 00000000 00:00 0 
7f765c021000-7f7660000000 ---p 00000000 00:00 0 
7f7662601000-7f7662604000 ---p 00000000 00:00 0 
7f7662604000-7f7662702000 rw-p 00000000 00:00 0                          [stack:20189]
7f7662702000-7f7662705000 ---p 00000000 00:00 0 
7f7662705000-7f7662803000 rw-p 00000000 00:00 0                          [stack:20188]
7f7662803000-7f7662806000 ---p 00000000 00:00 0 
7f7662806000-7f7662904000 rw-p 00000000 00:00 0 
7f7662904000-7f7662907000 ---p 00000000 00:00 0 
7f7662907000-7f7662a05000 rw-p 00000000 00:00 0                          [stack:20186]
7f7662a05000-7f7662a0a000 r-xp 00000000 08:02 4463878                    /usr/lib/x86_64-linux-gnu/libXfixes.so.3.1.0
7f7662a0a000-7f7662c09000 ---p 00005000 08:02 4463878                    /usr/lib/x86_64-linux-gnu/libXfixes.so.3.1.0
7f7662c09000-7f7662c0a000 r--p 00004000 08:02 4463878                    /usr/lib/x86_64-linux-gnu/libXfixes.so.3.1.0
7f7662c0a000-7f7662c0b000 rw-p 00005000 08:02 4463878                    /usr/lib/x86_64-linux-gnu/libXfixes.so.3.1.0
7f7662c0b000-7f7662c14000 r-xp 00000000 08:02 4463870                    /usr/lib/x86_64-linux-gnu/libXcursor.so.1.0.2
7f7662c14000-7f7662e13000 ---p 00009000 08:02 4463870                    /usr/lib/x86_64-linux-gnu/libXcursor.so.1.0.2
7f7662e13000-7f7662e14000 r--p 00008000 08:02 4463870                    /usr/lib/x86_64-linux-gnu/libXcursor.so.1.0.2
7f7662e14000-7f7662e15000 rw-p 00009000 08:02 4463870                    /usr/lib/x86_64-linux-gnu/libXcursor.so.1.0.2
7f7662e15000-7f7662e25000 r-xp 00000000 08:02 1575031                    /opt/jdk1.7u45/jre/lib/amd64/libnio.so
7f7662e25000-7f7663025000 ---p 00010000 08:02 1575031                    /opt/jdk1.7u45/jre/lib/amd64/libnio.so
7f7663025000-7f7663026000 rw-p 00010000 08:02 1575031                    /opt/jdk1.7u45/jre/lib/amd64/libnio.so
7f7663026000-7f766303c000 r-xp 00000000 08:02 1574982                    /opt/jdk1.7u45/jre/lib/amd64/libnet.so
7f766303c000-7f766323c000 ---p 00016000 08:02 1574982                    /opt/jdk1.7u45/jre/lib/amd64/libnet.so
7f766323c000-7f766323d000 rw-p 00016000 08:02 1574982                    /opt/jdk1.7u45/jre/lib/amd64/libnet.so
7f766323d000-7f7663240000 ---p 00000000 00:00 0 
7f7663240000-7f766333e000 rw-p 00000000 00:00 0                          [stack:20185]
7f766333e000-7f7663353000 r-xp 00000000 08:02 1048589                    /lib/x86_64-linux-gnu/libgcc_s.so.1
7f7663353000-7f7663552000 ---p 00015000 08:02 1048589                    /lib/x86_64-linux-gnu/libgcc_s.so.1
7f7663552000-7f7663553000 r--p 00014000 08:02 1048589                    /lib/x86_64-linux-gnu/libgcc_s.so.1
7f7663553000-7f7663554000 rw-p 00015000 08:02 1048589                    /lib/x86_64-linux-gnu/libgcc_s.so.1
7f7663554000-7f76635b4000 r-xp 00000000 08:02 1575025                    /opt/jdk1.7u45/jre/lib/amd64/libfontmanager.so
7f76635b4000-7f76637b3000 ---p 00060000 08:02 1575025                    /opt/jdk1.7u45/jre/lib/amd64/libfontmanager.so
7f76637b3000-7f76637b7000 rw-p 0005f000 08:02 1575025                    /opt/jdk1.7u45/jre/lib/amd64/libfontmanager.so
7f76637b7000-7f76637c8000 rw-p 00000000 00:00 0 
7f76637c8000-7f76637cd000 r-xp 00000000 08:02 4463874                    /usr/lib/x86_64-linux-gnu/libXdmcp.so.6.0.0
7f76637cd000-7f76639cc000 ---p 00005000 08:02 4463874                    /usr/lib/x86_64-linux-gnu/libXdmcp.so.6.0.0
7f76639cc000-7f76639cd000 r--p 00004000 08:02 4463874                    /usr/lib/x86_64-linux-gnu/libXdmcp.so.6.0.0
7f76639cd000-7f76639ce000 rw-p 00005000 08:02 4463874                    /usr/lib/x86_64-linux-gnu/libXdmcp.so.6.0.0
7f76639ce000-7f76639d0000 r-xp 00000000 08:02 4463863                    /usr/lib/x86_64-linux-gnu/libXau.so.6.0.0
7f76639d0000-7f7663bd0000 ---p 00002000 08:02 4463863                    /usr/lib/x86_64-linux-gnu/libXau.so.6.0.0
7f7663bd0000-7f7663bd1000 r--p 00002000 08:02 4463863                    /usr/lib/x86_64-linux-gnu/libXau.so.6.0.0
7f7663bd1000-7f7663bd2000 rw-p 00003000 08:02 4463863                    /usr/lib/x86_64-linux-gnu/libXau.so.6.0.0
7f7663bd2000-7f7663bef000 r-xp 00000000 08:02 4464915                    /usr/lib/x86_64-linux-gnu/libxcb.so.1.1.0
7f7663bef000-7f7663dee000 ---p 0001d000 08:02 4464915                    /usr/lib/x86_64-linux-gnu/libxcb.so.1.1.0
7f7663dee000-7f7663def000 r--p 0001c000 08:02 4464915                    /usr/lib/x86_64-linux-gnu/libxcb.so.1.1.0
7f7663def000-7f7663df0000 rw-p 0001d000 08:02 4464915                    /usr/lib/x86_64-linux-gnu/libxcb.so.1.1.0
7f7663df0000-7f7663dff000 r-xp 00000000 08:02 4463884                    /usr/lib/x86_64-linux-gnu/libXi.so.6.1.0
7f7663dff000-7f7663ffe000 ---p 0000f000 08:02 4463884                    /usr/lib/x86_64-linux-gnu/libXi.so.6.1.0
7f7663ffe000-7f7663fff000 r--p 0000e000 08:02 4463884                    /usr/lib/x86_64-linux-gnu/libXi.so.6.1.0
7f7663fff000-7f7664000000 rw-p 0000f000 08:02 4463884                    /usr/lib/x86_64-linux-gnu/libXi.so.6.1.0
7f7664000000-7f7664021000 rw-p 00000000 00:00 0 
7f7664021000-7f7668000000 ---p 00000000 00:00 0 
7f7668040000-7f7668044000 r--s 000f7000 08:02 1574937                    /opt/jdk1.7u45/jre/lib/ext/localedata.jar
7f7668044000-7f7668045000 r--s 00000000 08:02 4727013                    /var/cache/fontconfig/c05880de57d1f5e948fdfacc138775d9-le64.cache-4
7f7668045000-7f7668050000 r--s 00000000 08:02 4727006                    /var/cache/fontconfig/945677eb7aeaf62f1d50efc3fb3ec7d8-le64.cache-4
7f7668050000-7f7668052000 r--s 00000000 08:02 4727008                    /var/cache/fontconfig/99e8ed0e538f840c565b6ed5dad60d56-le64.cache-4
7f7668052000-7f7668058000 r--s 00000000 08:02 4726991                    /var/cache/fontconfig/2cd17615ca594fa2959ae173292e504c-le64.cache-4
7f7668058000-7f7668059000 r--s 00000000 08:02 4727023                    /var/cache/fontconfig/e7071f4a29fa870f4323321c154eba04-le64.cache-4
7f7668059000-7f766805a000 r--s 00000000 08:02 4726988                    /var/cache/fontconfig/0d8c3b2ac0904cb8a57a757ad11a4a08-le64.cache-4
7f766805a000-7f7668061000 r--s 00000000 08:02 4727010                    /var/cache/fontconfig/a755afe4a08bf5b97852ceb7400b47bc-le64.cache-4
7f7668061000-7f766806d000 r--s 00000000 08:02 4727001                    /var/cache/fontconfig/6d41288fd70b0be22e8c3a91e032eec0-le64.cache-4
7f766806d000-7f7668081000 r--s 00000000 08:02 4726986                    /var/cache/fontconfig/04aabc0a78ac019cf9454389977116d2-le64.cache-4
7f7668081000-7f7668082000 r--s 00000000 08:02 4726990                    /var/cache/fontconfig/1ac9eb803944fde146138c791f5cc56a-le64.cache-4
7f7668082000-7f7668086000 r--s 00000000 08:02 4726994                    /var/cache/fontconfig/385c0604a188198f04d133e54aba7fe7-le64.cache-4
7f7668086000-7f7668087000 r--s 00000000 08:02 4727020                    /var/cache/fontconfig/dc05db6664285cc2f12bf69c139ae4c3-le64.cache-4
7f7668087000-7f7668089000 r--s 00000000 08:02 4727003                    /var/cache/fontconfig/767a8244fc0220cfb567a839d0392e0b-le64.cache-4
7f7668089000-7f766808a000 r--s 00000000 08:02 4727478                    /var/cache/fontconfig/4794a0821666d79190d59a36cb4f44b5-le64.cache-4
7f766808a000-7f766808d000 r--s 00000000 08:02 4727005                    /var/cache/fontconfig/8801497958630a81b71ace7c5f9b32a8-le64.cache-4
7f766808d000-7f7668094000 r--s 00000000 08:02 4726992                    /var/cache/fontconfig/3047814df9a2f067bd2d96a2b9c36e5a-le64.cache-4
7f7668094000-7f766809a000 r--s 00000000 08:02 4727011                    /var/cache/fontconfig/b47c4e1ecd0709278f4910c18777a504-le64.cache-4
7f766809a000-7f76680ad000 r--s 00000000 08:02 4727017                    /var/cache/fontconfig/d52a8644073d54c13679302ca1180695-le64.cache-4
7f76680ad000-7f76680b9000 r--s 00000000 08:02 4727018                    /var/cache/fontconfig/d589a48862398ed80a3d6066f4f56f4c-le64.cache-4
7f76680b9000-7f76680db000 r--p 00000000 08:02 4990550                    /usr/share/locale-langpack/pt_BR/LC_MESSAGES/libc.mo
7f76680db000-7f76680e0000 r-xp 00000000 08:02 4463902                    /usr/lib/x86_64-linux-gnu/libXtst.so.6.1.0
7f76680e0000-7f76682df000 ---p 00005000 08:02 4463902                    /usr/lib/x86_64-linux-gnu/libXtst.so.6.1.0
7f76682df000-7f76682e0000 r--p 00004000 08:02 4463902                    /usr/lib/x86_64-linux-gnu/libXtst.so.6.1.0
7f76682e0000-7f76682e1000 rw-p 00005000 08:02 4463902                    /usr/lib/x86_64-linux-gnu/libXtst.so.6.1.0
7f76682e1000-7f76682ea000 r-xp 00000000 08:02 4463896                    /usr/lib/x86_64-linux-gnu/libXrender.so.1.3.0
7f76682ea000-7f76684e9000 ---p 00009000 08:02 4463896                    /usr/lib/x86_64-linux-gnu/libXrender.so.1.3.0
7f76684e9000-7f76684ea000 r--p 00008000 08:02 4463896                    /usr/lib/x86_64-linux-gnu/libXrender.so.1.3.0
7f76684ea000-7f76684eb000 rw-p 00009000 08:02 4463896                    /usr/lib/x86_64-linux-gnu/libXrender.so.1.3.0
7f76684eb000-7f766861b000 r-xp 00000000 08:02 4463859                    /usr/lib/x86_64-linux-gnu/libX11.so.6.3.0
7f766861b000-7f766881b000 ---p 00130000 08:02 4463859                    /usr/lib/x86_64-linux-gnu/libX11.so.6.3.0
7f766881b000-7f766881c000 r--p 00130000 08:02 4463859                    /usr/lib/x86_64-linux-gnu/libX11.so.6.3.0
7f766881c000-7f7668820000 rw-p 00131000 08:02 4463859                    /usr/lib/x86_64-linux-gnu/libX11.so.6.3.0
7f7668820000-7f7668831000 r-xp 00000000 08:02 4463876                    /usr/lib/x86_64-linux-gnu/libXext.so.6.4.0
7f7668831000-7f7668a30000 ---p 00011000 08:02 4463876                    /usr/lib/x86_64-linux-gnu/libXext.so.6.4.0
7f7668a30000-7f7668a31000 r--p 00010000 08:02 4463876                    /usr/lib/x86_64-linux-gnu/libXext.so.6.4.0
7f7668a31000-7f7668a32000 rw-p 00011000 08:02 4463876                    /usr/lib/x86_64-linux-gnu/libXext.so.6.4.0
7f7668a32000-7f7668a33000 r--s 00000000 08:02 4726998                    /var/cache/fontconfig/56cf4f4769d0f4abc89a4895d7bd3ae1-le64.cache-4
7f7668a33000-7f7668a34000 r--s 00000000 08:02 4727012                    /var/cache/fontconfig/b9d506c9ac06c20b433354fa67a72993-le64.cache-4
7f7668a34000-7f7668a35000 r--s 00000000 08:02 4728804                    /var/cache/fontconfig/89034621ae2a8922916bb6bfa5799546-le64.cache-4
7f7668a35000-7f7668a3d000 r--s 00000000 08:02 4726995                    /var/cache/fontconfig/3f7329c5293ffd510edef78f73874cfd-le64.cache-4
7f7668a3d000-7f7668a3e000 r--s 00000000 08:02 4726987                    /var/cache/fontconfig/0c9eb80ebd1c36541ebe2852d3bb0c49-le64.cache-4
7f7668a3e000-7f7668a41000 r--s 00000000 08:02 4727131                    /var/cache/fontconfig/e13b20fdb08344e0e664864cc2ede53d-le64.cache-4
7f7668a41000-7f7668a45000 r--s 00000000 08:02 4728801                    /var/cache/fontconfig/7ef2298fde41cc6eeb7af42e48b7d293-le64.cache-4
7f7668a45000-7f7668a4c000 r--s 00000000 08:02 4853370                    /usr/lib/x86_64-linux-gnu/gconv/gconv-modules.cache
7f7668a4c000-7f7668a9c000 r-xp 00000000 08:02 1575034                    /opt/jdk1.7u45/jre/lib/amd64/xawt/libmawt.so
7f7668a9c000-7f7668c9c000 ---p 00050000 08:02 1575034                    /opt/jdk1.7u45/jre/lib/amd64/xawt/libmawt.so
7f7668c9c000-7f7668ca0000 rw-p 00050000 08:02 1575034                    /opt/jdk1.7u45/jre/lib/amd64/xawt/libmawt.so
7f7668ca0000-7f7668ca1000 rw-p 00000000 00:00 0 
7f7668ca1000-7f7668d43000 r-xp 00000000 08:02 1574990                    /opt/jdk1.7u45/jre/lib/amd64/libawt.so
7f7668d43000-7f7668f43000 ---p 000a2000 08:02 1574990                    /opt/jdk1.7u45/jre/lib/amd64/libawt.so
7f7668f43000-7f7668f4f000 rw-p 000a2000 08:02 1574990                    /opt/jdk1.7u45/jre/lib/amd64/libawt.so
7f7668f4f000-7f7668f73000 rw-p 00000000 00:00 0 
7f7668f73000-7f7668f7e000 r--s 0037c000 08:02 1574273                    /opt/jdk1.7u45/jre/lib/charsets.jar
7f7668f7e000-7f7668f82000 r--s 0003b000 08:02 3805475                    /home/kaciano/.m2/repository/unknown/binary/GMPComps-1.0/SNAPSHOT/GMPComps-1.0-SNAPSHOT.jar
7f7668f82000-7f7668f9f000 r--s 00151000 08:02 4197907                    /home/kaciano/.m2/repository/org/swinglabs/swingx/swingx-all/1.6.5-1/swingx-all-1.6.5-1.jar
7f7668f9f000-7f7668faa000 r--s 0008b000 08:02 1576293                    /home/kaciano/.m2/repository/net/sourceforge/jexcelapi/jxl/2.5.7/jxl-2.5.7.jar
7f7668faa000-7f7668fab000 r--s 00000000 08:02 5517672                    /home/kaciano/.m2/repository/javax/inject/javax.inject/1/javax.inject-1.jar
7f7668fab000-7f7668fac000 r--s 00001000 08:02 5645633                    /home/kaciano/.m2/repository/javax/annotation/jsr250-api/1.0/jsr250-api-1.0.jar
7f7668fac000-7f7668fad000 r--s 00001000 08:02 5645611                    /home/kaciano/.m2/repository/org/jboss/spec/javax/interceptor/jboss-interceptors-api_1.1_spec/1.0.0.Beta1/jboss-interceptors-api_1.1_spec-1.0.0.Beta1.jar
7f7668fad000-7f7668faf000 r--s 00007000 08:02 5645596                    /home/kaciano/.m2/repository/javax/el/el-api/2.2/el-api-2.2.jar
7f7668faf000-7f7668fb3000 r--s 0000e000 08:02 5645626                    /home/kaciano/.m2/repository/javax/enterprise/cdi-api/1.1/cdi-api-1.1.jar
7f7668fb3000-7f7668fb4000 r--s 00004000 08:02 5645593                    /home/kaciano/.m2/repository/org/jboss/spec/javax/annotation/jboss-annotations-api_1.2_spec/1.0.0.Alpha1/jboss-annotations-api_1.2_spec-1.0.0.Alpha1.jar
7f7668fb4000-7f7668fb6000 r--s 00010000 08:02 5517670                    /home/kaciano/.m2/repository/javax/el/javax.el-api/3.0-b08/javax.el-api-3.0-b08.jar
7f7668fb6000-7f7668fb8000 r--s 00005000 08:02 4472078                    /home/kaciano/.m2/repository/org/slf4j/slf4j-api/1.7.2/slf4j-api-1.7.2.jar
7f7668fb8000-7f7668fba000 r--s 00006000 08:02 5645608                    /home/kaciano/.m2/repository/ch/qos/cal10n/cal10n-api/0.7.7/cal10n-api-0.7.7.jar
7f7668fba000-7f7668fbc000 r--s 00009000 08:02 4472071                    /home/kaciano/.m2/repository/org/slf4j/slf4j-ext/1.7.2/slf4j-ext-1.7.2.jar
7f7668fbc000-7f7668fbd000 r--s 00003000 08:02 5645581                    /home/kaciano/.m2/repository/org/jboss/spec/javax/interceptor/jboss-interceptors-api_1.2_spec/1.0.0.Alpha3/jboss-interceptors-api_1.2_spec-1.0.0.Alpha3.jar
7f7668fbd000-7f7668fe1000 r--s 001aa000 08:02 5645598                    /home/kaciano/.m2/repository/com/google/guava/guava/13.0.1/guava-13.0.1.jar
7f7668fe1000-7f7668fe4000 r--s 00018000 08:02 5645650                    /home/kaciano/.m2/repository/org/jboss/classfilewriter/jboss-classfilewriter/1.0.4.Final/jboss-classfilewriter-1.0.4.Final.jar
7f7668fe4000-7f7668fff000 r--s 00126000 08:02 5645653                    /home/kaciano/.m2/repository/org/jboss/weld/weld-core/2.0.0.SP1/weld-core-2.0.0.SP1.jar
7f7668fff000-7f7669001000 r--s 00004000 08:02 5645652                    /home/kaciano/.m2/repository/org/jboss/weld/weld-api/2.0.Final/weld-api-2.0.Final.jar
7f7669001000-7f7669005000 r--s 0000d000 08:02 5645651                    /home/kaciano/.m2/repository/org/jboss/weld/weld-spi/2.0.Final/weld-spi-2.0.Final.jar
7f7669005000-7f7669007000 r--s 00007000 08:02 5645584                    /home/kaciano/.m2/repository/org/jboss/weld/se/weld-se-core/2.0.0.SP1/weld-se-core-2.0.0.SP1.jar
7f7669007000-7f766900a000 r--s 00011000 08:02 5645577                    /home/kaciano/.m2/repository/org/glassfish/javax.json/1.0/javax.json-1.0.jar
7f766900a000-7f766900b000 r--s 00005000 08:02 5517665                    /home/kaciano/.m2/repository/javax/interceptor/javax.interceptor-api/1.2/javax.interceptor-api-1.2.jar
7f766900b000-7f766900c000 r--s 00004000 08:02 5645575                    /home/kaciano/.m2/repository/org/glassfish/main/resources/javamail-runtime/4.0/javamail-runtime-4.0.jar
7f766900c000-7f7669010000 r--s 0002b000 08:02 5517663                    /home/kaciano/.m2/repository/javax/mail/javax.mail-api/1.5.0/javax.mail-api-1.5.0.jar
7f7669010000-7f7669013000 r--s 0000d000 08:02 5517661                    /home/kaciano/.m2/repository/org/glassfish/main/resourcebase/resources/nucleus-resources/4.0/nucleus-resources-4.0.jar
7f7669013000-7f7669016000 r--s 00018000 08:02 5517659                    /home/kaciano/.m2/repository/org/glassfish/main/resources/resources-connector/4.0/resources-connector-4.0.jar
7f7669016000-7f7669018000 r--s 00005000 08:02 5517658                    /home/kaciano/.m2/repository/org/glassfish/main/resources/javamail-connector/4.0/javamail-connector-4.0.jar
7f7669018000-7f766901a000 r--s 00001000 08:02 5645558                    /home/kaciano/.m2/repository/org/glassfish/main/appclient/server/appclient-connector/4.0/appclient-connector-4.0.jar
7f766901a000-7f766901c000 r--s 0000a000 08:02 5645564                    /home/kaciano/.m2/repository/javax/xml/registry/javax.xml.registry-api/1.0.5/javax.xml.registry-api-1.0.5.jar
7f766901c000-7f766901f000 r--s 00010000 08:02 5517655                    /home/kaciano/.m2/repository/org/glassfish/metro/webservices-api-osgi/2.3/webservices-api-osgi-2.3.jar
7f766901f000-7f7669033000 r--s 000e0000 08:02 5645556                    /home/kaciano/.m2/repository/com/sun/xml/bind/jaxb-extra-osgi/2.2.7/jaxb-extra-osgi-2.2.7.jar
7f7669033000-7f7669073000 r--s 0032f000 08:02 5517654                    /home/kaciano/.m2/repository/com/sun/xml/bind/jaxb-osgi/2.2.7/jaxb-osgi-2.2.7.jar
7f7669073000-7f7669077000 r--s 00018000 08:02 5517651                    /home/kaciano/.m2/repository/javax/xml/bind/jaxb-api-osgi/2.2.7/jaxb-api-osgi-2.2.7.jar
7f7669077000-7f7669079000 r--s 00005000 08:02 5517649                    /home/kaciano/.m2/repository/javax/annotation/javax.annotation-api/1.2/javax.annotation-api-1.2.jar
7f7669079000-7f766907b000 r--s 00004000 08:02 5517647                    /home/kaciano/.m2/repository/org/glassfish/main/persistence/cmp/cmp-internal-api/4.0/cmp-internal-api-4.0.jar
7f766907b000-7f766907d000 r--s 00006000 08:02 5517645                    /home/kaciano/.m2/repository/org/glassfish/main/deployment/deployment-javaee-core/4.0/deployment-javaee-core-4.0.jar
7f766907d000-7f766907e000 r--s 00006000 08:02 5517644                    /home/kaciano/.m2/repository/org/glassfish/main/persistence/persistence-common/4.0/persistence-common-4.0.jar
7f766907e000-7f766907f000 r--s 0000a000 08:02 5517641                    /home/kaciano/.m2/repository/org/glassfish/main/persistence/jpa-container/4.0/jpa-container-4.0.jar
7f766907f000-7f7669086000 r--s 0003c000 08:02 5517637                    /home/kaciano/.m2/repository/org/eclipse/persistence/org.eclipse.persistence.asm/2.5.0/org.eclipse.persistence.asm-2.5.0.jar
7f7669086000-7f766908b000 r--s 0002a000 08:02 5517633                    /home/kaciano/.m2/repository/org/eclipse/persistence/org.eclipse.persistence.antlr/2.5.0/org.eclipse.persistence.antlr-2.5.0.jar
7f766908b000-7f766908e000 r--s 00013000 08:02 5517634                    /home/kaciano/.m2/repository/org/eclipse/persistence/org.eclipse.persistence.oracle/2.5.0/org.eclipse.persistence.oracle-2.5.0.jar
7f766908e000-7f7669094000 r--s 0003f000 08:02 5517629                    /home/kaciano/.m2/repository/org/eclipse/persistence/org.eclipse.persistence.dbws/2.5.0/org.eclipse.persistence.dbws-2.5.0.jar
7f7669094000-7f766909b000 r--s 00071000 08:02 5517674                    /home/kaciano/.m2/repository/org/eclipse/persistence/org.eclipse.persistence.moxy/2.5.0/org.eclipse.persistence.moxy-2.5.0.jar
7f766909b000-7f766909d000 r--s 0000b000 08:02 5517676                    /home/kaciano/.m2/repository/org/eclipse/persistence/org.eclipse.persistence.jpa.modelgen.processor/2.5.0/org.eclipse.persistence.jpa.modelgen.processor-2.5.0.jar
7f766909d000-7f76690bb000 r--s 00137000 08:02 5517675                    /home/kaciano/.m2/repository/org/eclipse/persistence/org.eclipse.persistence.jpa.jpql/2.5.0/org.eclipse.persistence.jpa.jpql-2.5.0.jar
7f76690bb000-7f76690ca000 r--s 00108000 08:02 5517388                    /home/kaciano/.m2/repository/org/eclipse/persistence/org.eclipse.persistence.jpa/2.5.0/org.eclipse.persistence.jpa-2.5.0.jar
7f76690ca000-7f7669108000 r--s 00482000 08:02 5517382                    /home/kaciano/.m2/repository/org/eclipse/persistence/org.eclipse.persistence.core/2.5.0/org.eclipse.persistence.core-2.5.0.jar
7f7669108000-7f766910b000 r--s 0000d000 08:02 5517622                    /home/kaciano/.m2/repository/javax/jms/javax.jms-api/2.0/javax.jms-api-2.0.jar
7f766910b000-7f766910c000 r--s 00004000 08:02 5517619                    /home/kaciano/.m2/repository/org/glassfish/main/ejb/gf-ejb-connector/4.0/gf-ejb-connector-4.0.jar
7f766910c000-7f766910d000 r--s 00003000 08:02 5517617                    /home/kaciano/.m2/repository/org/glassfish/main/jms/gf-jms-connector/4.0/gf-jms-connector-4.0.jar
7f766910d000-7f766910f000 r--s 00014000 08:02 5517614                    /home/kaciano/.m2/repository/org/glassfish/main/jms/jms-core/4.0/jms-core-4.0.jar
7f766910f000-7f7669111000 r--s 0000f000 08:02 5517615                    /home/kaciano/.m2/repository/org/glassfish/main/transaction/jta/4.0/jta-4.0.jar
7f7669111000-7f7669117000 r--s 0005a000 08:02 5517611                    /home/kaciano/.m2/repository/org/glassfish/main/transaction/jts/4.0/jts-4.0.jar
7f7669117000-7f7669119000 r--s 00006000 08:02 5517609                    /home/kaciano/.m2/repository/org/glassfish/main/appclient/acc-config/4.0/acc-config-4.0.jar
7f7669119000-7f766911a000 r--s 00002000 08:02 5517608                    /home/kaciano/.m2/repository/org/glassfish/main/common/simple-glassfish-api/4.0/simple-glassfish-api-4.0.jar
7f766911a000-7f766911d000 r--s 0001d000 08:02 5517605                    /home/kaciano/.m2/repository/org/glassfish/main/core/glassfish/4.0/glassfish-4.0.jar
7f766911d000-7f7669123000 r--s 00051000 08:02 5517604                    /home/kaciano/.m2/repository/org/glassfish/pfl/pfl-asm/4.0.0-b003/pfl-asm-4.0.0-b003.jar
7f7669123000-7f7669126000 r--s 00008000 08:02 5385316                    /home/kaciano/.m2/repository/org/shoal/shoal-gms-api/1.6.18/shoal-gms-api-1.6.18.jar
7f7669126000-7f7669128000 r--s 00005000 08:02 5517601                    /home/kaciano/.m2/repository/org/glassfish/main/cluster/gms-bootstrap/4.0/gms-bootstrap-4.0.jar
7f7669128000-7f766912a000 r--s 00014000 08:02 5517599                    /home/kaciano/.m2/repository/org/glassfish/main/orb/orb-iiop/4.0/orb-iiop-4.0.jar
7f766912a000-7f766912c000 r--s 00004000 08:02 5385314                    /home/kaciano/.m2/repository/org/glassfish/gmbal/gmbal-api-only/3.0.0-b023/gmbal-api-only-3.0.0-b023.jar
7f766912c000-7f766913b000 r--s 000a5000 08:02 5517596                    /home/kaciano/.m2/repository/org/glassfish/grizzly/grizzly-framework/2.2.10/grizzly-framework-2.2.10.jar
7f766913b000-7f7669143000 r--s 0004d000 08:02 5517597                    /home/kaciano/.m2/repository/org/glassfish/pfl/pfl-dynamic/4.0.0-b003/pfl-dynamic-4.0.0-b003.jar
7f7669143000-7f7669145000 r--s 0000d000 08:02 4594019                    /home/kaciano/.m2/repository/org/apache/felix/org.osgi.core/1.2.0/org.osgi.core-1.2.0.jar
7f7669145000-7f7669146000 r--s 00001000 08:02 5517594                    /home/kaciano/.m2/repository/org/glassfish/corba/exception-annotation-processor/4.0.0-b007/exception-annotation-processor-4.0.0-b007.jar
7f7669146000-7f766914a000 r--s 00019000 08:02 5517591                    /home/kaciano/.m2/repository/org/glassfish/corba/glassfish-corba-csiv2-idl/4.0.0-b007/glassfish-corba-csiv2-idl-4.0.0-b007.jar
7f766914a000-7f7669167000 r--s 0016b000 08:02 5517590                    /home/kaciano/.m2/repository/org/glassfish/corba/glassfish-corba-orb/4.0.0-b007/glassfish-corba-orb-4.0.0-b007.jar
7f7669167000-7f7669169000 r--s 0000f000 08:02 5517587                    /home/kaciano/.m2/repository/org/glassfish/main/webservices/webservices-connector/4.0/webservices-connector-4.0.jar
7f7669169000-7f766916c000 r--s 00016000 08:02 5517585                    /home/kaciano/.m2/repository/org/glassfish/main/admin/monitoring-core/4.0/monitoring-core-4.0.jar
7f766916c000-7f766916e000 r--s 00005000 08:02 5517583                    /home/kaciano/.m2/repository/org/glassfish/corba/glassfish-corba-internal-api/4.0.0-b007/glassfish-corba-internal-api-4.0.0-b007.jar
7f766916e000-7f7669182000 r--s 000b5000 08:02 5517580                    /home/kaciano/.m2/repository/org/glassfish/corba/glassfish-corba-omgapi/4.0.0-b007/glassfish-corba-omgapi-4.0.0-b007.jar
7f7669182000-7f7669188000 r--s 00028000 08:02 5517581                    /home/kaciano/.m2/repository/org/glassfish/pfl/pfl-basic/4.0.0-b003/pfl-basic-4.0.0-b003.jar
7f7669188000-7f766918a000 r--s 00002000 08:02 5517576                    /home/kaciano/.m2/repository/org/glassfish/main/orb/orb-enabler/4.0/orb-enabler-4.0.jar
7f766918a000-7f766918d000 r--s 0000c000 08:02 5517574                    /home/kaciano/.m2/repository/org/glassfish/main/orb/orb-connector/4.0/orb-connector-4.0.jar
7f766918d000-7f766918f000 r--s 00001000 08:02 5517572                    /home/kaciano/.m2/repository/org/glassfish/main/ejb/ejb-internal-api/4.0/ejb-internal-api-4.0.jar
7f766918f000-7f7669191000 r--s 00001000 08:02 5517571                    /home/kaciano/.m2/repository/org/glassfish/main/connectors/gf-connectors-connector/4.0/gf-connectors-connector-4.0.jar
7f7669191000-7f7669199000 r--s 0007a000 08:02 5517579                    /home/kaciano/.m2/repository/org/glassfish/main/connectors/connectors-runtime/4.0/connectors-runtime-4.0.jar
7f7669199000-7f766919b000 r--s 00006000 08:02 5517568                    /home/kaciano/.m2/repository/org/glassfish/main/connectors/connectors-inbound-runtime/4.0/connectors-inbound-runtime-4.0.jar
7f766919b000-7f766919d000 r--s 0000b000 08:02 5517566                    /home/kaciano/.m2/repository/javax/security/auth/message/javax.security.auth.message-api/1.1/javax.security.auth.message-api-1.1.jar
7f766919d000-7f766919f000 r--s 0000b000 08:02 5517563                    /home/kaciano/.m2/repository/org/glassfish/pfl/pfl-tf-tools/4.0.0-b003/pfl-tf-tools-4.0.0-b003.jar
7f766919f000-7f76691a1000 r--s 00010000 08:02 5517562                    /home/kaciano/.m2/repository/org/glassfish/pfl/pfl-basic-tools/4.0.0-b003/pfl-basic-tools-4.0.0-b003.jar
7f76691a1000-7f76691a4000 r--s 00015000 08:02 5517560                    /home/kaciano/.m2/repository/org/glassfish/pfl/pfl-tf/4.0.0-b003/pfl-tf-4.0.0-b003.jar
7f76691a4000-7f76691a9000 r--s 0002d000 08:02 5385312                    /home/kaciano/.m2/repository/org/glassfish/gmbal/gmbal/4.0.0-b001/gmbal-4.0.0-b001.jar
7f76691a9000-7f76691aa000 r--s 00005000 08:02 5517557                    /home/kaciano/.m2/repository/org/glassfish/main/transaction/transaction-internal-api/4.0/transaction-internal-api-4.0.jar
7f76691aa000-7f76691ac000 r--s 00009000 08:02 5517555                    /home/kaciano/.m2/repository/org/glassfish/main/connectors/work-management/4.0/work-management-4.0.jar
7f76691ac000-7f76691ae000 r--s 00015000 08:02 5517553                    /home/kaciano/.m2/repository/org/glassfish/main/common/glassfish-naming/4.0/glassfish-naming-4.0.jar
7f76691ae000-7f76691b2000 r--s 0002e000 08:02 5517551                    /home/kaciano/.m2/repository/org/glassfish/grizzly/grizzly-http-servlet/2.3.1/grizzly-http-servlet-2.3.1.jar
7f76691b2000-7f76691b6000 r--s 00039000 08:02 5517550                    /home/kaciano/.m2/repository/org/glassfish/main/webservices/jsr109-impl/4.0/jsr109-impl-4.0.jar
7f76691b6000-7f76691b8000 r--s 0000a000 08:02 5517548                    /home/kaciano/.m2/repository/org/glassfish/main/security/websecurity/4.0/websecurity-4.0.jar
7f76691b8000-7f76691ba000 r--s 0000d000 08:02 5517639                    /home/kaciano/.m2/repository/org/jvnet/mimepull/mimepull/1.9.1/mimepull-1.9.1.jar
7f76691ba000-7f76691be000 r--s 00029000 08:02 5517544                    /home/kaciano/.m2/repository/org/codehaus/woodstox/stax2-api/3.1.1/stax2-api-3.1.1.jar
7f76691be000-7f76691c3000 r--s 00070000 08:02 5517541                    /home/kaciano/.m2/repository/org/codehaus/woodstox/woodstox-core-asl/4.1.2/woodstox-core-asl-4.1.2.jar
7f76691c3000-7f76691c5000 r--s 00000000 08:02 5517623                    /home/kaciano/.m2/repository/org/glassfish/metro/webservices-extra-jdk-packages/2.3/webservices-extra-jdk-packages-2.3.jar
7f76691c5000-7f76691c8000 r--s 00009000 08:02 5517632                    /home/kaciano/.m2/repository/javax/xml/rpc/javax.xml.rpc-api/1.1/javax.xml.rpc-api-1.1.jar
7f76691c8000-7f766927e000 r--s 00b30000 08:02 5517533                    /home/kaciano/.m2/repository/org/glassfish/metro/webservices-osgi/2.3/webservices-osgi-2.3.jar
7f766927e000-7f7669280000 r--s 00004000 08:02 5517534                    /home/kaciano/.m2/repository/org/glassfish/main/web/web-sse/4.0/web-sse-4.0.jar
7f7669280000-7f7669282000 r--s 00006000 08:02 5517529                    /home/kaciano/.m2/repository/org/glassfish/main/web/gf-web-connector/4.0/gf-web-connector-4.0.jar
7f7669282000-7f7669284000 r--s 00006000 08:02 5517530                    /home/kaciano/.m2/repository/org/glassfish/main/web/web-embed-api/4.0/web-embed-api-4.0.jar
7f7669284000-7f7669286000 r--s 00008000 08:02 5517527                    /home/kaciano/.m2/repository/org/glassfish/main/web/web-gui-plugin-common/4.0/web-gui-plugin-common-4.0.jar
7f7669286000-7f7669288000 r--s 00001000 08:02 5517525                    /home/kaciano/.m2/repository/org/glassfish/main/admin/admin-core/4.0/admin-core-4.0.jar
7f7669288000-7f766928c000 r--s 00033000 08:02 5517523                    /home/kaciano/.m2/repository/org/glassfish/javax.el/3.0.0/javax.el-3.0.0.jar
7f766928c000-7f7669293000 r--s 0007f000 08:02 5385308                    /home/kaciano/.m2/repository/org/glassfish/web/javax.servlet.jsp/2.3.2/javax.servlet.jsp-2.3.2.jar
7f7669293000-7f76692a1000 r--s 00103000 08:02 5517520                    /home/kaciano/.m2/repository/org/glassfish/main/web/web-core/4.0/web-core-4.0.jar
7f76692a1000-7f76692a3000 r--s 00018000 08:02 5517518                    /home/kaciano/.m2/repository/org/glassfish/main/web/web-naming/4.0/web-naming-4.0.jar
7f76692a3000-7f76692a5000 r--s 0000b000 08:02 5517517                    /home/kaciano/.m2/repository/javax/servlet/jsp/javax.servlet.jsp-api/2.3.1/javax.servlet.jsp-api-2.3.1.jar
7f76692a5000-7f76692a7000 r--s 00018000 08:02 5517464                    /home/kaciano/.m2/repository/org/glassfish/main/web/war-util/4.0/war-util-4.0.jar
7f76692a7000-7f76692ac000 r--s 00038000 08:02 5517515                    /home/kaciano/.m2/repository/org/glassfish/main/external/jmxremote_optional-repackaged/4.0/jmxremote_optional-repackaged-4.0.jar
7f76692ac000-7f76692ae000 r--s 0000f000 08:02 5517512                    /home/kaciano/.m2/repository/org/glassfish/main/common/glassfish-mbeanserver/4.0/glassfish-mbeanserver-4.0.jar
7f76692ae000-7f76692b6000 r--s 00066000 08:02 5517513                    /home/kaciano/.m2/repository/org/glassfish/main/common/amx-core/4.0/amx-core-4.0.jar
7f76692b6000-7f76692b8000 r--s 00006000 08:02 5517509                    /home/kaciano/.m2/repository/javax/management/j2ee/javax.management.j2ee-api/1.1.1/javax.management.j2ee-api-1.1.1.jar
7f76692b8000-7f76692bc000 r--s 00011000 08:02 5517507                    /home/kaciano/.m2/repository/org/glassfish/main/common/amx-javaee/4.0/amx-javaee-4.0.jar
7f76692bc000-7f76692c0000 r--s 0002a000 08:02 5517396                    /home/kaciano/.m2/repository/org/glassfish/main/web/web-cli/4.0/web-cli-4.0.jar
7f76692c0000-7f76692ca000 r--s 00094000 08:02 5517457                    /home/kaciano/.m2/repository/org/glassfish/main/web/web-glue/4.0/web-glue-4.0.jar
7f76692ca000-7f76692cc000 r--s 00000000 08:02 5517536                    /home/kaciano/.m2/repository/org/glassfish/main/core/api-exporter/4.0/api-exporter-4.0.jar
7f76692cc000-7f76692d0000 r--s 00029000 08:02 5517500                    /home/kaciano/.m2/repository/org/glassfish/main/core/logging/4.0/logging-4.0.jar
7f76692d0000-7f76692d4000 r--s 0001f000 08:02 5517499                    /home/kaciano/.m2/repository/org/glassfish/main/flashlight/flashlight-framework/4.0/flashlight-framework-4.0.jar
7f76692d4000-7f76692de000 r--s 000a3000 08:02 5517496                    /home/kaciano/.m2/repository/org/glassfish/main/core/kernel/4.0/kernel-4.0.jar
7f76692de000-7f76692e0000 r--s 00011000 08:02 5517448                    /home/kaciano/.m2/repository/org/glassfish/main/security/webservices.security/4.0/webservices.security-4.0.jar
7f76692e0000-7f76692e2000 r--s 00009000 08:02 5517492                    /home/kaciano/.m2/repository/org/glassfish/external/management-api/3.2.0-b001/management-api-3.2.0-b001.jar
7f76692e2000-7f76692e5000 r--s 0001b000 08:02 5517441                    /home/kaciano/.m2/repository/org/glassfish/grizzly/grizzly-config/2.3.1/grizzly-config-2.3.1.jar
7f76692e5000-7f76692e9000 r--s 0002c000 08:02 5517488                    /home/kaciano/.m2/repository/org/glassfish/grizzly/grizzly-http-server/2.3.1/grizzly-http-server-2.3.1.jar
7f76692e9000-7f76692ee000 r--s 00049000 08:02 5517485                    /home/kaciano/.m2/repository/org/glassfish/grizzly/grizzly-http/2.3.1/grizzly-http-2.3.1.jar
7f76692ee000-7f76692f0000 r--s 00003000 08:02 5517484                    /home/kaciano/.m2/repository/org/glassfish/grizzly/grizzly-portunif/2.3.1/grizzly-portunif-2.3.1.jar
7f76692f0000-7f76692f2000 r--s 00001000 08:02 5517482                    /home/kaciano/.m2/repository/org/glassfish/grizzly/grizzly-rcm/2.3.1/grizzly-rcm-2.3.1.jar
7f76692f2000-7f766930b000 r--s 00149000 08:02 5517438                    /home/kaciano/.m2/repository/org/glassfish/main/grizzly/nucleus-grizzly-all/4.0/nucleus-grizzly-all-4.0.jar
7f766930b000-7f766930e000 r--s 00013000 08:02 5517478                    /home/kaciano/.m2/repository/org/glassfish/hk2/class-model/2.1.92/class-model-2.1.92.jar
7f766930e000-7f7669310000 r--s 00006000 08:02 5517477                    /home/kaciano/.m2/repository/org/glassfish/hk2/hk2-runlevel/2.1.92/hk2-runlevel-2.1.92.jar
7f7669310000-7f7669321000 r--s 000a7000 08:02 5517474                    /home/kaciano/.m2/repository/org/glassfish/hk2/external/bean-validator/2.1.92/bean-validator-2.1.92.jar
7f7669321000-7f7669323000 r--s 00003000 08:02 5517472                    /home/kaciano/.m2/repository/org/jvnet/tiger-types/1.4/tiger-types-1.4.jar
7f7669323000-7f7669328000 r--s 0002d000 08:02 5517440                    /home/kaciano/.m2/repository/org/glassfish/hk2/hk2-config/2.1.92/hk2-config-2.1.92.jar
7f7669328000-7f7669329000 r--s 00001000 08:02 5517425                    /home/kaciano/.m2/repository/org/glassfish/hk2/config-types/2.1.92/config-types-2.1.92.jar
7f7669329000-7f766932a000 r--s 00000000 08:02 5517471                    /home/kaciano/.m2/repository/org/glassfish/hk2/hk2/2.1.92/hk2-2.1.92.jar
7f766932a000-7f766932c000 r--s 00002000 08:02 5517460                    /home/kaciano/.m2/repository/org/glassfish/main/common/scattered-archive-api/4.0/scattered-archive-api-4.0.jar
7f766932c000-7f7669334000 r--s 00026000 08:02 5517503                    /home/kaciano/.m2/repository/org/glassfish/main/common/glassfish-api/4.0/glassfish-api-4.0.jar
7f7669334000-7f7669337000 r--s 00015000 08:02 5517431                    /home/kaciano/.m2/repository/org/glassfish/main/security/ejb.security/4.0/ejb.security-4.0.jar
7f7669337000-7f766933b000 r--s 000d3000 08:02 5517429                    /home/kaciano/.m2/repository/org/glassfish/main/external/libpam4j-repackaged/4.0/libpam4j-repackaged-4.0.jar
7f766933b000-7f766933d000 r--s 0000d000 08:02 5517456                    /home/kaciano/.m2/repository/org/glassfish/main/security/jaspic.provider.framework/4.0/jaspic.provider.framework-4.0.jar
7f766933d000-7f766933e000 r--s 0000c000 08:02 5517435                    /home/kaciano/.m2/repository/javax/security/jacc/javax.security.jacc-api/1.5/javax.security.jacc-api-1.5.jar
7f766933e000-7f766933f000 r--s 00002000 08:02 5517495                    /home/kaciano/.m2/repository/org/glassfish/main/common/glassfish-ee-api/4.0/glassfish-ee-api-4.0.jar
7f766933f000-7f7669346000 r--s 0004d000 08:02 5517444                    /home/kaciano/.m2/repository/org/glassfish/main/security/security-ee/4.0/security-ee-4.0.jar
7f7669346000-7f7669347000 r--s 00004000 08:02 5517450                    /home/kaciano/.m2/repository/org/glassfish/main/security/appclient.security/4.0/appclient.security-4.0.jar
7f7669347000-7f7669349000 r--s 00009000 08:02 5517445                    /home/kaciano/.m2/repository/org/glassfish/main/common/annotation-framework/4.0/annotation-framework-4.0.jar
7f7669349000-7f766934d000 r--s 00027000 08:02 5517443                    /home/kaciano/.m2/repository/org/glassfish/main/deployment/deployment-common/4.0/deployment-common-4.0.jar
7f766934d000-7f7669350000 r--s 0000d000 08:02 5517406                    /home/kaciano/.m2/repository/javax/ejb/javax.ejb-api/3.2/javax.ejb-api-3.2.jar
7f7669350000-7f7669354000 r--s 0000e000 08:02 5517486                    /home/kaciano/.m2/repository/javax/resource/javax.resource-api/1.7/javax.resource-api-1.7.jar
7f7669354000-7f766935a000 r--s 00022000 08:02 5385300                    /home/kaciano/.m2/repository/org/eclipse/persistence/javax.persistence/2.1.0/javax.persistence-2.1.0.jar
7f766935a000-7f766935d000 r--s 0000a000 08:02 5517414                    /home/kaciano/.m2/repository/javax/enterprise/deploy/javax.enterprise.deploy-api/1.6/javax.enterprise.deploy-api-1.6.jar
7f766935d000-7f766935f000 r--s 00006000 08:02 5517468                    /home/kaciano/.m2/repository/javax/transaction/javax.transaction-api/1.2/javax.transaction-api-1.2.jar
7f766935f000-7f766936d000 r--s 000ac000 08:02 5517469                    /home/kaciano/.m2/repository/org/glassfish/main/deployment/dol/4.0/dol-4.0.jar
7f766936d000-7f766936f000 r--s 00007000 08:02 5385310                    /home/kaciano/.m2/repository/org/glassfish/ha/ha-api/3.1.8/ha-api-3.1.8.jar
7f766936f000-7f7669372000 r--s 00016000 08:02 5517373                    /home/kaciano/.m2/repository/org/glassfish/main/connectors/connectors-internal-api/4.0/connectors-internal-api-4.0.jar
7f7669372000-7f7669375000 r--s 0000b000 08:02 5517462                    /home/kaciano/.m2/repository/org/glassfish/main/external/ldapbp-repackaged/4.0/ldapbp-repackaged-4.0.jar
7f7669375000-7f7669377000 r--s 00003000 08:02 5517375                    /home/kaciano/.m2/repository/org/glassfish/main/security/ssl-impl/4.0/ssl-impl-4.0.jar
7f7669377000-7f766937f000 r--s 0006d000 08:02 5517423                    /home/kaciano/.m2/repository/org/glassfish/main/security/security/4.0/security-4.0.jar
7f766937f000-7f7669387000 r--s 00078000 08:02 5384355                    /home/kaciano/.m2/repository/com/sun/mail/javax.mail/1.5.0/javax.mail-1.5.0.jar
7f7669387000-7f766938b000 r--s 00035000 08:02 5517434                    /home/kaciano/.m2/repository/org/codehaus/jackson/jackson-core-asl/1.9.11/jackson-core-asl-1.9.11.jar
7f766938b000-7f7669390000 r--s 00017000 08:02 5517427                    /home/kaciano/.m2/repository/org/glassfish/main/security/security-services/4.0/security-services-4.0.jar
7f7669390000-7f766939c000 r--s 0007f000 08:02 5517399                    /home/kaciano/.m2/repository/org/glassfish/main/admin/config-api/4.0/config-api-4.0.jar
7f766939c000-7f766939d000 ---p 00000000 00:00 0 
7f766939d000-7f766949d000 rw-p 00000000 00:00 0                          [stack:20184]
7f766949d000-7f76694a0000 ---p 00000000 00:00 0 
7f76694a0000-7f766959e000 rw-p 00000000 00:00 0                          [stack:20183]
7f766959e000-7f76695a1000 ---p 00000000 00:00 0 
7f76695a1000-7f766969f000 rw-p 00000000 00:00 0                          [stack:20182]
7f766969f000-7f76696a2000 ---p 00000000 00:00 0 
7f76696a2000-7f76697a0000 rw-p 00000000 00:00 0                          [stack:20181]
7f76697a0000-7f76697a3000 ---p 00000000 00:00 0 
7f76697a3000-7f76698a1000 rw-p 00000000 00:00 0                          [stack:20180]
7f76698a1000-7f7669b6c000 r--p 00000000 08:02 4462468                    /usr/lib/locale/locale-archive
7f7669b6c000-7f7669b6f000 ---p 00000000 00:00 0 
7f7669b6f000-7f7669c6d000 rw-p 00000000 00:00 0                          [stack:20179]
7f7669c6d000-7f7669c70000 ---p 00000000 00:00 0 
7f7669c70000-7f7669d6e000 rw-p 00000000 00:00 0                          [stack:20178]
7f7669d6e000-7f7669d6f000 ---p 00000000 00:00 0 
7f7669d6f000-7f766c000000 rw-p 00000000 00:00 0                          [stack:20177]
7f766c000000-7f766c021000 rw-p 00000000 00:00 0 
7f766c021000-7f7670000000 ---p 00000000 00:00 0 
7f7670000000-7f7670002000 r--s 0000e000 08:02 5384357                    /home/kaciano/.m2/repository/javax/activation/activation/1.1/activation-1.1.jar
7f7670002000-7f7670009000 r--s 0004d000 08:02 5517415                    /home/kaciano/.m2/repository/org/glassfish/main/admin/admin-util/4.0/admin-util-4.0.jar
7f7670009000-7f767000d000 r--s 0001d000 08:02 5517402                    /home/kaciano/.m2/repository/org/glassfish/main/common/internal-api/4.0/internal-api-4.0.jar
7f767000d000-7f7670014000 r--s 00027000 08:02 5517405                    /home/kaciano/.m2/repository/org/glassfish/main/common/container-common/4.0/container-common-4.0.jar
7f7670014000-7f7670018000 r--s 00011000 08:02 5517409                    /home/kaciano/.m2/repository/org/glassfish/main/common/stats77/4.0/stats77-4.0.jar
7f7670018000-7f7670025000 r--s 000d8000 08:02 5517403                    /home/kaciano/.m2/repository/org/glassfish/main/ejb/ejb-container/4.0/ejb-container-4.0.jar
7f7670025000-7f767002f000 r--s 0006f000 08:02 5517398                    /home/kaciano/.m2/repository/org/glassfish/main/common/common-util/4.0/common-util-4.0.jar
7f767002f000-7f7670036000 r--s 0003f000 08:02 5517389                    /home/kaciano/.m2/repository/org/glassfish/hk2/external/cglib/2.1.92/cglib-2.1.92.jar
7f7670036000-7f7670e44000 rw-p 00000000 00:00 0 
7f7670e44000-7f7671000000 r--s 039b2000 08:02 1574746                    /opt/jdk1.7u45/jre/lib/rt.jar
7f7671000000-7f7671270000 rwxp 00000000 00:00 0 
7f7671270000-7f76748fb000 rw-p 00000000 00:00 0 
7f76748fb000-7f7678000000 ---p 00000000 00:00 0 
7f7678000000-7f7678003000 r--s 00015000 08:02 5517426                    /home/kaciano/.m2/repository/javax/servlet/javax.servlet-api/3.1.0/javax.servlet-api-3.1.0.jar
7f7678003000-7f7678005000 r--s 00010000 08:02 5517412                    /home/kaciano/.m2/repository/org/glassfish/main/ejb/ejb-full-container/4.0/ejb-full-container-4.0.jar
7f7678005000-7f7678008000 r--s 00019000 08:02 5517376                    /home/kaciano/.m2/repository/org/glassfish/hk2/hk2-api/2.1.92/hk2-api-2.1.92.jar
7f7678008000-7f767800d000 r--s 00047000 08:02 5517390                    /home/kaciano/.m2/repository/org/glassfish/hk2/external/asm-all-repackaged/2.1.92/asm-all-repackaged-2.1.92.jar
7f767800d000-7f76783ff000 rw-p 00000000 00:00 0 
7f76783ff000-7f7678400000 ---p 00000000 00:00 0 
7f7678400000-7f7678500000 rw-p 00000000 00:00 0                          [stack:20176]
7f7678500000-7f7678501000 ---p 00000000 00:00 0 
7f7678501000-7f7678601000 rw-p 00000000 00:00 0                          [stack:20175]
7f7678601000-7f7678602000 ---p 00000000 00:00 0 
7f7678602000-7f7678702000 rw-p 00000000 00:00 0                          [stack:20174]
7f7678702000-7f7678703000 ---p 00000000 00:00 0 
7f7678703000-7f767880e000 rw-p 00000000 00:00 0                          [stack:20173]
7f767880e000-7f767882c000 rw-p 00000000 00:00 0 
7f767882c000-7f7678840000 rw-p 00000000 00:00 0 
7f7678840000-7f767896c000 rw-p 00000000 00:00 0 
7f767896c000-7f7678977000 rw-p 00000000 00:00 0 
7f7678977000-7f7678995000 rw-p 00000000 00:00 0 
7f7678995000-7f76789a9000 rw-p 00000000 00:00 0 
7f76789a9000-7f7678ad5000 rw-p 00000000 00:00 0 
7f7678ad5000-7f7678adf000 rw-p 00000000 00:00 0 
7f7678adf000-7f7678ae7000 ---p 00000000 00:00 0 
7f7678ae7000-7f7678b75000 rw-p 00000000 00:00 0 
7f7678b75000-7f7678b76000 rw-p 00000000 00:00 0 
7f7678b76000-7f7678b90000 r-xp 00000000 08:02 1575007                    /opt/jdk1.7u45/jre/lib/amd64/libzip.so
7f7678b90000-7f7678d90000 ---p 0001a000 08:02 1575007                    /opt/jdk1.7u45/jre/lib/amd64/libzip.so
7f7678d90000-7f7678d91000 rw-p 0001a000 08:02 1575007                    /opt/jdk1.7u45/jre/lib/amd64/libzip.so
7f7678d91000-7f7678d9d000 r-xp 00000000 08:02 1052613                    /lib/x86_64-linux-gnu/libnss_files-2.17.so
7f7678d9d000-7f7678f9c000 ---p 0000c000 08:02 1052613                    /lib/x86_64-linux-gnu/libnss_files-2.17.so
7f7678f9c000-7f7678f9d000 r--p 0000b000 08:02 1052613                    /lib/x86_64-linux-gnu/libnss_files-2.17.so
7f7678f9d000-7f7678f9e000 rw-p 0000c000 08:02 1052613                    /lib/x86_64-linux-gnu/libnss_files-2.17.so
7f7678f9e000-7f7678fa9000 r-xp 00000000 08:02 1052617                    /lib/x86_64-linux-gnu/libnss_nis-2.17.so
7f7678fa9000-7f76791a8000 ---p 0000b000 08:02 1052617                    /lib/x86_64-linux-gnu/libnss_nis-2.17.so
7f76791a8000-7f76791a9000 r--p 0000a000 08:02 1052617                    /lib/x86_64-linux-gnu/libnss_nis-2.17.so
7f76791a9000-7f76791aa000 rw-p 0000b000 08:02 1052617                    /lib/x86_64-linux-gnu/libnss_nis-2.17.so
7f76791aa000-7f76791c1000 r-xp 00000000 08:02 1052607                    /lib/x86_64-linux-gnu/libnsl-2.17.so
7f76791c1000-7f76793c0000 ---p 00017000 08:02 1052607                    /lib/x86_64-linux-gnu/libnsl-2.17.so
7f76793c0000-7f76793c1000 r--p 00016000 08:02 1052607                    /lib/x86_64-linux-gnu/libnsl-2.17.so
7f76793c1000-7f76793c2000 rw-p 00017000 08:02 1052607                    /lib/x86_64-linux-gnu/libnsl-2.17.so
7f76793c2000-7f76793c4000 rw-p 00000000 00:00 0 
7f76793c4000-7f76793cc000 r-xp 00000000 08:02 1052609                    /lib/x86_64-linux-gnu/libnss_compat-2.17.so
7f76793cc000-7f76795cb000 ---p 00008000 08:02 1052609                    /lib/x86_64-linux-gnu/libnss_compat-2.17.so
7f76795cb000-7f76795cc000 r--p 00007000 08:02 1052609                    /lib/x86_64-linux-gnu/libnss_compat-2.17.so
7f76795cc000-7f76795cd000 rw-p 00008000 08:02 1052609                    /lib/x86_64-linux-gnu/libnss_compat-2.17.so
7f76795cd000-7f76795f6000 r-xp 00000000 08:02 1574998                    /opt/jdk1.7u45/jre/lib/amd64/libjava.so
7f76795f6000-7f76797f6000 ---p 00029000 08:02 1574998                    /opt/jdk1.7u45/jre/lib/amd64/libjava.so
7f76797f6000-7f76797f8000 rw-p 00029000 08:02 1574998                    /opt/jdk1.7u45/jre/lib/amd64/libjava.so
7f76797f8000-7f7679805000 r-xp 00000000 08:02 1574987                    /opt/jdk1.7u45/jre/lib/amd64/libverify.so
7f7679805000-7f7679a04000 ---p 0000d000 08:02 1574987                    /opt/jdk1.7u45/jre/lib/amd64/libverify.so
7f7679a04000-7f7679a06000 rw-p 0000c000 08:02 1574987                    /opt/jdk1.7u45/jre/lib/amd64/libverify.so
7f7679a06000-7f7679a0d000 r-xp 00000000 08:02 1052660                    /lib/x86_64-linux-gnu/librt-2.17.so
7f7679a0d000-7f7679c0c000 ---p 00007000 08:02 1052660                    /lib/x86_64-linux-gnu/librt-2.17.so
7f7679c0c000-7f7679c0d000 r--p 00006000 08:02 1052660                    /lib/x86_64-linux-gnu/librt-2.17.so
7f7679c0d000-7f7679c0e000 rw-p 00007000 08:02 1052660                    /lib/x86_64-linux-gnu/librt-2.17.so
7f7679c0e000-7f7679d11000 r-xp 00000000 08:02 1052588                    /lib/x86_64-linux-gnu/libm-2.17.so
7f7679d11000-7f7679f10000 ---p 00103000 08:02 1052588                    /lib/x86_64-linux-gnu/libm-2.17.so
7f7679f10000-7f7679f11000 r--p 00102000 08:02 1052588                    /lib/x86_64-linux-gnu/libm-2.17.so
7f7679f11000-7f7679f12000 rw-p 00103000 08:02 1052588                    /lib/x86_64-linux-gnu/libm-2.17.so
7f7679f12000-7f767aa74000 r-xp 00000000 08:02 1575005                    /opt/jdk1.7u45/jre/lib/amd64/server/libjvm.so
7f767aa74000-7f767ac74000 ---p 00b62000 08:02 1575005                    /opt/jdk1.7u45/jre/lib/amd64/server/libjvm.so
7f767ac74000-7f767ad37000 rw-p 00b62000 08:02 1575005                    /opt/jdk1.7u45/jre/lib/amd64/server/libjvm.so
7f767ad37000-7f767ad78000 rw-p 00000000 00:00 0 
7f767ad78000-7f767af35000 r-xp 00000000 08:02 1052537                    /lib/x86_64-linux-gnu/libc-2.17.so
7f767af35000-7f767b135000 ---p 001bd000 08:02 1052537                    /lib/x86_64-linux-gnu/libc-2.17.so
7f767b135000-7f767b139000 r--p 001bd000 08:02 1052537                    /lib/x86_64-linux-gnu/libc-2.17.so
7f767b139000-7f767b13b000 rw-p 001c1000 08:02 1052537                    /lib/x86_64-linux-gnu/libc-2.17.so
7f767b13b000-7f767b140000 rw-p 00000000 00:00 0 
7f767b140000-7f767b143000 r-xp 00000000 08:02 1052552                    /lib/x86_64-linux-gnu/libdl-2.17.so
7f767b143000-7f767b342000 ---p 00003000 08:02 1052552                    /lib/x86_64-linux-gnu/libdl-2.17.so
7f767b342000-7f767b343000 r--p 00002000 08:02 1052552                    /lib/x86_64-linux-gnu/libdl-2.17.so
7f767b343000-7f767b344000 rw-p 00003000 08:02 1052552                    /lib/x86_64-linux-gnu/libdl-2.17.so
7f767b344000-7f767b35a000 r-xp 00000000 08:02 1573828                    /opt/jdk1.7u45/lib/amd64/jli/libjli.so
7f767b35a000-7f767b55a000 ---p 00016000 08:02 1573828                    /opt/jdk1.7u45/lib/amd64/jli/libjli.so
7f767b55a000-7f767b55b000 rw-p 00016000 08:02 1573828                    /opt/jdk1.7u45/lib/amd64/jli/libjli.so
7f767b55b000-7f767b572000 r-xp 00000000 08:02 1052652                    /lib/x86_64-linux-gnu/libpthread-2.17.so
7f767b572000-7f767b772000 ---p 00017000 08:02 1052652                    /lib/x86_64-linux-gnu/libpthread-2.17.so
7f767b772000-7f767b773000 r--p 00017000 08:02 1052652                    /lib/x86_64-linux-gnu/libpthread-2.17.so
7f767b773000-7f767b774000 rw-p 00018000 08:02 1052652                    /lib/x86_64-linux-gnu/libpthread-2.17.so
7f767b774000-7f767b778000 rw-p 00000000 00:00 0 
7f767b778000-7f767b79b000 r-xp 00000000 08:02 1052513                    /lib/x86_64-linux-gnu/ld-2.17.so
7f767b79b000-7f767b79d000 r--s 0000b000 08:02 5517397                    /home/kaciano/.m2/repository/org/glassfish/hk2/hk2-utils/2.1.92/hk2-utils-2.1.92.jar
7f767b79d000-7f767b7a0000 r--s 0001d000 08:02 5517374                    /home/kaciano/.m2/repository/org/glassfish/hk2/hk2-locator/2.1.92/hk2-locator-2.1.92.jar
7f767b7a0000-7f767b7a4000 r--s 0001a000 08:02 5517380                    /home/kaciano/.m2/repository/org/glassfish/hk2/core/2.1.92/core-2.1.92.jar
7f767b7a4000-7f767b7c3000 rw-p 00000000 00:00 0 
7f767b7c3000-7f767b879000 rw-p 00000000 00:00 0 
7f767b879000-7f767b87c000 ---p 00000000 00:00 0 
7f767b87c000-7f767b97e000 rw-p 00000000 00:00 0                          [stack:20172]
7f767b97e000-7f767b97f000 r--s 00004000 08:02 5517393                    /home/kaciano/.m2/repository/org/glassfish/hk2/osgi-resource-locator/1.0.1/osgi-resource-locator-1.0.1.jar
7f767b97f000-7f767b980000 r--s 00001000 08:02 5517378                    /home/kaciano/.m2/repository/org/glassfish/hk2/external/javax.inject/2.1.92/javax.inject-2.1.92.jar
7f767b980000-7f767b98d000 r--s 0019a000 08:02 5517368                    /home/kaciano/.m2/repository/org/glassfish/main/appclient/gf-client-module/4.0/gf-client-module-4.0.jar
7f767b98d000-7f767b98e000 r--s 00005000 08:02 5517379                    /home/kaciano/.m2/repository/org/glassfish/main/appclient/gf-client/4.0/gf-client-4.0.jar
7f767b98e000-7f767b996000 rw-s 00000000 08:02 2233024                    /tmp/hsperfdata_kaciano/20168
7f767b996000-7f767b997000 rw-p 00000000 00:00 0 
7f767b997000-7f767b998000 r--p 00000000 00:00 0 
7f767b998000-7f767b99a000 rw-p 00000000 00:00 0 
7f767b99a000-7f767b99b000 r--p 00022000 08:02 1052513                    /lib/x86_64-linux-gnu/ld-2.17.so
7f767b99b000-7f767b99d000 rw-p 00023000 08:02 1052513                    /lib/x86_64-linux-gnu/ld-2.17.so
7fff44aba000-7fff44adf000 rw-p 00000000 00:00 0                          [stack]
7fff44b67000-7fff44b69000 r-xp 00000000 00:00 0                          [vdso]
ffffffffff600000-ffffffffff601000 r-xp 00000000 00:00 0                  [vsyscall]
7f767b99b000-7f767b99d000 rw-p 00023000 08:02 1052513                    /lib/x86_64-linux-gnu/ld-2.17.so
7fff44aba000-7fff44adf000 rw-p 00000000 00:00 0                          [stack]
7fff44b67000-7fff44b69000 r-xp 00000000 00:00 0                          [vdso]
ffffffffff600000-ffffffffff601000 r-xp 00000000 00:00 0                  [vsyscall]

VM Arguments:
java_command: br.com.gmp.desktop.app.VisualApp
Launcher Type: SUN_STANDARD

Environment Variables:
JAVA_HOME=/opt/jdk1.7u45
PATH=/usr/local/sbin:/usr/local/bin:/usr/sbin:/usr/bin:/sbin:/bin:/usr/games:/usr/local/games
USERNAME=kaciano
LD_LIBRARY_PATH=/opt/jdk1.7u45/jre/lib/amd64:/opt/jdk1.7u45/jre/lib/i386:
SHELL=/bin/bash
DISPLAY=:0

Signal Handlers:
SIGSEGV: [libjvm.so+0x9935b0], sa_mask[0]=0x7ffbfeff, sa_flags=0x10000004
SIGBUS: [libjvm.so+0x9935b0], sa_mask[0]=0x7ffbfeff, sa_flags=0x10000004
SIGFPE: [libjvm.so+0x810330], sa_mask[0]=0x7ffbfeff, sa_flags=0x10000004
SIGPIPE: [libjvm.so+0x810330], sa_mask[0]=0x7ffbfeff, sa_flags=0x10000004
SIGXFSZ: [libjvm.so+0x810330], sa_mask[0]=0x7ffbfeff, sa_flags=0x10000004
SIGILL: [libjvm.so+0x810330], sa_mask[0]=0x7ffbfeff, sa_flags=0x10000004
SIGUSR1: SIG_DFL, sa_mask[0]=0x00000000, sa_flags=0x00000000
SIGUSR2: [libjvm.so+0x811820], sa_mask[0]=0x00000004, sa_flags=0x10000004
SIGHUP: [libjvm.so+0x812790], sa_mask[0]=0x7ffbfeff, sa_flags=0x10000004
SIGINT: SIG_IGN, sa_mask[0]=0x00000000, sa_flags=0x00000000
SIGTERM: [libjvm.so+0x812790], sa_mask[0]=0x7ffbfeff, sa_flags=0x10000004
SIGQUIT: [libjvm.so+0x812790], sa_mask[0]=0x7ffbfeff, sa_flags=0x10000004


---------------  S Y S T E M  ---------------

OS:wheezy/sid

uname:Linux 3.11.0-12-generic #19-Ubuntu SMP Wed Oct 9 16:20:46 UTC 2013 x86_64
libc:glibc 2.17 NPTL 2.17 
rlimit: STACK 8192k, CORE 0k, NPROC 29080, NOFILE 4096, AS infinity
load average:1,39 0,84 0,73

/proc/meminfo:
MemTotal:        3931680 kB
MemFree:          364576 kB
Buffers:           32340 kB
Cached:          1215384 kB
SwapCached:         3476 kB
Active:          2289292 kB
Inactive:        1037896 kB
Active(anon):    1751012 kB
Inactive(anon):   596416 kB
Active(file):     538280 kB
Inactive(file):   441480 kB
Unevictable:         128 kB
Mlocked:             128 kB
SwapTotal:       7812092 kB
SwapFree:        7785896 kB
Dirty:              4808 kB
Writeback:             0 kB
AnonPages:       2076188 kB
Mapped:           229012 kB
Shmem:            267940 kB
Slab:             147540 kB
SReclaimable:     115412 kB
SUnreclaim:        32128 kB
KernelStack:        4536 kB
PageTables:        33828 kB
NFS_Unstable:          0 kB
Bounce:                0 kB
WritebackTmp:          0 kB
CommitLimit:     9777932 kB
Committed_AS:    5589716 kB
VmallocTotal:   34359738367 kB
VmallocUsed:      431276 kB
VmallocChunk:   34359301116 kB
HardwareCorrupted:     0 kB
AnonHugePages:         0 kB
HugePages_Total:       0
HugePages_Free:        0
HugePages_Rsvd:        0
HugePages_Surp:        0
Hugepagesize:       2048 kB
DirectMap4k:       88280 kB
DirectMap2M:     4061184 kB


CPU:total 4 (2 cores per cpu, 2 threads per core) family 6 model 58 stepping 9, cmov, cx8, fxsr, mmx, sse, sse2, sse3, ssse3, sse4.1, sse4.2, popcnt, avx, aes, erms, ht, tsc, tscinvbit, tscinv

/proc/cpuinfo:
processor	: 0
vendor_id	: GenuineIntel
cpu family	: 6
model		: 58
model name	: Intel(R) Core(TM) i5-3210M CPU @ 2.50GHz
stepping	: 9
microcode	: 0x12
cpu MHz		: 1200.000
cache size	: 3072 KB
physical id	: 0
siblings	: 4
core id		: 0
cpu cores	: 2
apicid		: 0
initial apicid	: 0
fpu		: yes
fpu_exception	: yes
cpuid level	: 13
wp		: yes
flags		: fpu vme de pse tsc msr pae mce cx8 apic sep mtrr pge mca cmov pat pse36 clflush dts acpi mmx fxsr sse sse2 ss ht tm pbe syscall nx rdtscp lm constant_tsc arch_perfmon pebs bts rep_good nopl xtopology nonstop_tsc aperfmperf eagerfpu pni pclmulqdq dtes64 monitor ds_cpl vmx est tm2 ssse3 cx16 xtpr pdcm pcid sse4_1 sse4_2 x2apic popcnt tsc_deadline_timer aes xsave avx f16c rdrand lahf_lm ida arat epb xsaveopt pln pts dtherm tpr_shadow vnmi flexpriority ept vpid fsgsbase smep erms
bogomips	: 4988.78
clflush size	: 64
cache_alignment	: 64
address sizes	: 36 bits physical, 48 bits virtual
power management:

processor	: 1
vendor_id	: GenuineIntel
cpu family	: 6
model		: 58
model name	: Intel(R) Core(TM) i5-3210M CPU @ 2.50GHz
stepping	: 9
microcode	: 0x12
cpu MHz		: 1200.000
cache size	: 3072 KB
physical id	: 0
siblings	: 4
core id		: 1
cpu cores	: 2
apicid		: 2
initial apicid	: 2
fpu		: yes
fpu_exception	: yes
cpuid level	: 13
wp		: yes
flags		: fpu vme de pse tsc msr pae mce cx8 apic sep mtrr pge mca cmov pat pse36 clflush dts acpi mmx fxsr sse sse2 ss ht tm pbe syscall nx rdtscp lm constant_tsc arch_perfmon pebs bts rep_good nopl xtopology nonstop_tsc aperfmperf eagerfpu pni pclmulqdq dtes64 monitor ds_cpl vmx est tm2 ssse3 cx16 xtpr pdcm pcid sse4_1 sse4_2 x2apic popcnt tsc_deadline_timer aes xsave avx f16c rdrand lahf_lm ida arat epb xsaveopt pln pts dtherm tpr_shadow vnmi flexpriority ept vpid fsgsbase smep erms
bogomips	: 4988.78
clflush size	: 64
cache_alignment	: 64
address sizes	: 36 bits physical, 48 bits virtual
power management:

processor	: 2
vendor_id	: GenuineIntel
cpu family	: 6
model		: 58
model name	: Intel(R) Core(TM) i5-3210M CPU @ 2.50GHz
stepping	: 9
microcode	: 0x12
cpu MHz		: 1200.000
cache size	: 3072 KB
physical id	: 0
siblings	: 4
core id		: 0
cpu cores	: 2
apicid		: 1
initial apicid	: 1
fpu		: yes
fpu_exception	: yes
cpuid level	: 13
wp		: yes
flags		: fpu vme de pse tsc msr pae mce cx8 apic sep mtrr pge mca cmov pat pse36 clflush dts acpi mmx fxsr sse sse2 ss ht tm pbe syscall nx rdtscp lm constant_tsc arch_perfmon pebs bts rep_good nopl xtopology nonstop_tsc aperfmperf eagerfpu pni pclmulqdq dtes64 monitor ds_cpl vmx est tm2 ssse3 cx16 xtpr pdcm pcid sse4_1 sse4_2 x2apic popcnt tsc_deadline_timer aes xsave avx f16c rdrand lahf_lm ida arat epb xsaveopt pln pts dtherm tpr_shadow vnmi flexpriority ept vpid fsgsbase smep erms
bogomips	: 4988.78
clflush size	: 64
cache_alignment	: 64
address sizes	: 36 bits physical, 48 bits virtual
power management:

processor	: 3
vendor_id	: GenuineIntel
cpu family	: 6
model		: 58
model name	: Intel(R) Core(TM) i5-3210M CPU @ 2.50GHz
stepping	: 9
microcode	: 0x12
cpu MHz		: 1200.000
cache size	: 3072 KB
physical id	: 0
siblings	: 4
core id		: 1
cpu cores	: 2
apicid		: 3
initial apicid	: 3
fpu		: yes
fpu_exception	: yes
cpuid level	: 13
wp		: yes
flags		: fpu vme de pse tsc msr pae mce cx8 apic sep mtrr pge mca cmov pat pse36 clflush dts acpi mmx fxsr sse sse2 ss ht tm pbe syscall nx rdtscp lm constant_tsc arch_perfmon pebs bts rep_good nopl xtopology nonstop_tsc aperfmperf eagerfpu pni pclmulqdq dtes64 monitor ds_cpl vmx est tm2 ssse3 cx16 xtpr pdcm pcid sse4_1 sse4_2 x2apic popcnt tsc_deadline_timer aes xsave avx f16c rdrand lahf_lm ida arat epb xsaveopt pln pts dtherm tpr_shadow vnmi flexpriority ept vpid fsgsbase smep erms
bogomips	: 4988.78
clflush size	: 64
cache_alignment	: 64
address sizes	: 36 bits physical, 48 bits virtual
power management:



Memory: 4k page, physical 3931680k(364576k free), swap 7812092k(7785896k free)

vm_info: Java HotSpot(TM) 64-Bit Server VM (24.45-b08) for linux-amd64 JRE (1.7.0_45-b18), built on Oct  8 2013 05:44:25 by "java_re" with gcc 4.3.0 20080428 (Red Hat 4.3.0-8)

time: Wed Feb  5 10:31:44 2014
elapsed time: 2 seconds

